mode: atomic
github.com/PaBah/url-shortener.git/cmd/shortener/flags.go:14.37,16.32 2 0
github.com/PaBah/url-shortener.git/cmd/shortener/flags.go:16.32,17.21 1 0
github.com/PaBah/url-shortener.git/cmd/shortener/flags.go:17.21,19.4 1 0
github.com/PaBah/url-shortener.git/cmd/shortener/flags.go:21.2,21.14 1 0
github.com/PaBah/url-shortener.git/cmd/shortener/flags.go:25.42,40.26 13 1
github.com/PaBah/url-shortener.git/cmd/shortener/flags.go:40.26,42.17 2 0
github.com/PaBah/url-shortener.git/cmd/shortener/flags.go:42.17,44.30 2 0
github.com/PaBah/url-shortener.git/cmd/shortener/flags.go:44.30,46.19 2 0
github.com/PaBah/url-shortener.git/cmd/shortener/flags.go:46.19,48.6 1 0
github.com/PaBah/url-shortener.git/cmd/shortener/flags.go:50.4,50.18 1 0
github.com/PaBah/url-shortener.git/cmd/shortener/flags.go:50.18,51.27 1 0
github.com/PaBah/url-shortener.git/cmd/shortener/flags.go:51.27,53.6 1 0
github.com/PaBah/url-shortener.git/cmd/shortener/flags.go:54.5,54.27 1 0
github.com/PaBah/url-shortener.git/cmd/shortener/flags.go:54.27,56.6 1 0
github.com/PaBah/url-shortener.git/cmd/shortener/flags.go:57.5,57.27 1 0
github.com/PaBah/url-shortener.git/cmd/shortener/flags.go:57.27,59.6 1 0
github.com/PaBah/url-shortener.git/cmd/shortener/flags.go:60.5,60.27 1 0
github.com/PaBah/url-shortener.git/cmd/shortener/flags.go:60.27,62.6 1 0
github.com/PaBah/url-shortener.git/cmd/shortener/flags.go:63.5,63.27 1 0
github.com/PaBah/url-shortener.git/cmd/shortener/flags.go:63.27,65.6 1 0
github.com/PaBah/url-shortener.git/cmd/shortener/flags.go:66.5,66.27 1 0
github.com/PaBah/url-shortener.git/cmd/shortener/flags.go:66.27,68.6 1 0
github.com/PaBah/url-shortener.git/cmd/shortener/flags.go:73.2,74.15 2 1
github.com/PaBah/url-shortener.git/cmd/shortener/flags.go:74.15,76.3 1 1
github.com/PaBah/url-shortener.git/cmd/shortener/flags.go:78.2,79.15 2 1
github.com/PaBah/url-shortener.git/cmd/shortener/flags.go:79.15,81.3 1 1
github.com/PaBah/url-shortener.git/cmd/shortener/flags.go:83.2,84.15 2 1
github.com/PaBah/url-shortener.git/cmd/shortener/flags.go:84.15,86.3 1 1
github.com/PaBah/url-shortener.git/cmd/shortener/flags.go:88.2,89.15 2 1
github.com/PaBah/url-shortener.git/cmd/shortener/flags.go:89.15,91.3 1 1
github.com/PaBah/url-shortener.git/cmd/shortener/flags.go:93.2,94.15 2 1
github.com/PaBah/url-shortener.git/cmd/shortener/flags.go:94.15,96.3 1 1
github.com/PaBah/url-shortener.git/cmd/shortener/flags.go:98.2,99.15 2 1
github.com/PaBah/url-shortener.git/cmd/shortener/flags.go:99.15,101.3 1 0
github.com/PaBah/url-shortener.git/cmd/shortener/flags.go:103.2,104.15 2 1
github.com/PaBah/url-shortener.git/cmd/shortener/flags.go:104.15,106.3 1 0
github.com/PaBah/url-shortener.git/cmd/shortener/main.go:28.13,35.61 6 0
github.com/PaBah/url-shortener.git/cmd/shortener/main.go:35.61,38.3 2 0
github.com/PaBah/url-shortener.git/cmd/shortener/main.go:40.2,42.16 3 0
github.com/PaBah/url-shortener.git/cmd/shortener/main.go:42.16,48.3 4 0
github.com/PaBah/url-shortener.git/cmd/shortener/main.go:48.8,51.3 2 0
github.com/PaBah/url-shortener.git/cmd/shortener/main.go:53.2,61.12 6 0
github.com/PaBah/url-shortener.git/cmd/shortener/main.go:61.12,63.17 2 0
github.com/PaBah/url-shortener.git/cmd/shortener/main.go:63.17,65.4 1 0
github.com/PaBah/url-shortener.git/cmd/shortener/main.go:66.3,69.41 3 0
github.com/PaBah/url-shortener.git/cmd/shortener/main.go:69.41,71.4 1 0
github.com/PaBah/url-shortener.git/cmd/shortener/main.go:73.2,73.12 1 0
github.com/PaBah/url-shortener.git/cmd/shortener/main.go:73.12,74.26 1 0
github.com/PaBah/url-shortener.git/cmd/shortener/main.go:74.26,81.4 3 0
github.com/PaBah/url-shortener.git/cmd/shortener/main.go:81.9,83.4 1 0
github.com/PaBah/url-shortener.git/cmd/shortener/main.go:84.3,84.17 1 0
github.com/PaBah/url-shortener.git/cmd/shortener/main.go:84.17,86.4 1 0
github.com/PaBah/url-shortener.git/cmd/shortener/main.go:89.2,89.14 1 0
github.com/PaBah/url-shortener.git/proto/server.pb.go:34.32,36.29 2 0
github.com/PaBah/url-shortener.git/proto/server.pb.go:36.29,40.3 3 0
github.com/PaBah/url-shortener.git/proto/server.pb.go:43.40,45.2 1 0
github.com/PaBah/url-shortener.git/proto/server.pb.go:47.38,47.39 0 0
github.com/PaBah/url-shortener.git/proto/server.pb.go:49.60,51.41 2 0
github.com/PaBah/url-shortener.git/proto/server.pb.go:51.41,53.34 2 0
github.com/PaBah/url-shortener.git/proto/server.pb.go:53.34,55.4 1 0
github.com/PaBah/url-shortener.git/proto/server.pb.go:56.3,56.12 1 0
github.com/PaBah/url-shortener.git/proto/server.pb.go:58.2,58.24 1 0
github.com/PaBah/url-shortener.git/proto/server.pb.go:62.51,64.2 1 0
github.com/PaBah/url-shortener.git/proto/server.pb.go:66.43,67.14 1 0
github.com/PaBah/url-shortener.git/proto/server.pb.go:67.14,69.3 1 0
github.com/PaBah/url-shortener.git/proto/server.pb.go:70.2,70.11 1 0
github.com/PaBah/url-shortener.git/proto/server.pb.go:73.40,74.14 1 0
github.com/PaBah/url-shortener.git/proto/server.pb.go:74.14,76.3 1 0
github.com/PaBah/url-shortener.git/proto/server.pb.go:77.2,77.11 1 0
github.com/PaBah/url-shortener.git/proto/server.pb.go:88.33,90.29 2 0
github.com/PaBah/url-shortener.git/proto/server.pb.go:90.29,94.3 3 0
github.com/PaBah/url-shortener.git/proto/server.pb.go:97.41,99.2 1 0
github.com/PaBah/url-shortener.git/proto/server.pb.go:101.39,101.40 0 0
github.com/PaBah/url-shortener.git/proto/server.pb.go:103.61,105.41 2 0
github.com/PaBah/url-shortener.git/proto/server.pb.go:105.41,107.34 2 0
github.com/PaBah/url-shortener.git/proto/server.pb.go:107.34,109.4 1 0
github.com/PaBah/url-shortener.git/proto/server.pb.go:110.3,110.12 1 0
github.com/PaBah/url-shortener.git/proto/server.pb.go:112.2,112.24 1 0
github.com/PaBah/url-shortener.git/proto/server.pb.go:116.52,118.2 1 0
github.com/PaBah/url-shortener.git/proto/server.pb.go:120.44,121.14 1 0
github.com/PaBah/url-shortener.git/proto/server.pb.go:121.14,123.3 1 0
github.com/PaBah/url-shortener.git/proto/server.pb.go:124.2,124.11 1 0
github.com/PaBah/url-shortener.git/proto/server.pb.go:135.33,137.29 2 0
github.com/PaBah/url-shortener.git/proto/server.pb.go:137.29,141.3 3 0
github.com/PaBah/url-shortener.git/proto/server.pb.go:144.41,146.2 1 0
github.com/PaBah/url-shortener.git/proto/server.pb.go:148.39,148.40 0 0
github.com/PaBah/url-shortener.git/proto/server.pb.go:150.61,152.41 2 0
github.com/PaBah/url-shortener.git/proto/server.pb.go:152.41,154.34 2 0
github.com/PaBah/url-shortener.git/proto/server.pb.go:154.34,156.4 1 0
github.com/PaBah/url-shortener.git/proto/server.pb.go:157.3,157.12 1 0
github.com/PaBah/url-shortener.git/proto/server.pb.go:159.2,159.24 1 0
github.com/PaBah/url-shortener.git/proto/server.pb.go:163.52,165.2 1 0
github.com/PaBah/url-shortener.git/proto/server.pb.go:167.45,168.14 1 0
github.com/PaBah/url-shortener.git/proto/server.pb.go:168.14,170.3 1 0
github.com/PaBah/url-shortener.git/proto/server.pb.go:171.2,171.11 1 0
github.com/PaBah/url-shortener.git/proto/server.pb.go:182.34,184.29 2 0
github.com/PaBah/url-shortener.git/proto/server.pb.go:184.29,188.3 3 0
github.com/PaBah/url-shortener.git/proto/server.pb.go:191.42,193.2 1 0
github.com/PaBah/url-shortener.git/proto/server.pb.go:195.40,195.41 0 0
github.com/PaBah/url-shortener.git/proto/server.pb.go:197.62,199.41 2 0
github.com/PaBah/url-shortener.git/proto/server.pb.go:199.41,201.34 2 0
github.com/PaBah/url-shortener.git/proto/server.pb.go:201.34,203.4 1 0
github.com/PaBah/url-shortener.git/proto/server.pb.go:204.3,204.12 1 0
github.com/PaBah/url-shortener.git/proto/server.pb.go:206.2,206.24 1 0
github.com/PaBah/url-shortener.git/proto/server.pb.go:210.53,212.2 1 0
github.com/PaBah/url-shortener.git/proto/server.pb.go:214.42,215.14 1 0
github.com/PaBah/url-shortener.git/proto/server.pb.go:215.14,217.3 1 0
github.com/PaBah/url-shortener.git/proto/server.pb.go:218.2,218.11 1 0
github.com/PaBah/url-shortener.git/proto/server.pb.go:230.33,232.29 2 0
github.com/PaBah/url-shortener.git/proto/server.pb.go:232.29,236.3 3 0
github.com/PaBah/url-shortener.git/proto/server.pb.go:239.41,241.2 1 0
github.com/PaBah/url-shortener.git/proto/server.pb.go:243.39,243.40 0 0
github.com/PaBah/url-shortener.git/proto/server.pb.go:245.61,247.41 2 0
github.com/PaBah/url-shortener.git/proto/server.pb.go:247.41,249.34 2 0
github.com/PaBah/url-shortener.git/proto/server.pb.go:249.34,251.4 1 0
github.com/PaBah/url-shortener.git/proto/server.pb.go:252.3,252.12 1 0
github.com/PaBah/url-shortener.git/proto/server.pb.go:254.2,254.24 1 0
github.com/PaBah/url-shortener.git/proto/server.pb.go:258.52,260.2 1 0
github.com/PaBah/url-shortener.git/proto/server.pb.go:262.44,263.14 1 0
github.com/PaBah/url-shortener.git/proto/server.pb.go:263.14,265.3 1 0
github.com/PaBah/url-shortener.git/proto/server.pb.go:266.2,266.11 1 0
github.com/PaBah/url-shortener.git/proto/server.pb.go:269.42,270.14 1 0
github.com/PaBah/url-shortener.git/proto/server.pb.go:270.14,272.3 1 0
github.com/PaBah/url-shortener.git/proto/server.pb.go:273.2,273.12 1 0
github.com/PaBah/url-shortener.git/proto/server.pb.go:284.40,286.29 2 0
github.com/PaBah/url-shortener.git/proto/server.pb.go:286.29,290.3 3 0
github.com/PaBah/url-shortener.git/proto/server.pb.go:293.48,295.2 1 0
github.com/PaBah/url-shortener.git/proto/server.pb.go:297.46,297.47 0 0
github.com/PaBah/url-shortener.git/proto/server.pb.go:299.68,301.41 2 0
github.com/PaBah/url-shortener.git/proto/server.pb.go:301.41,303.34 2 0
github.com/PaBah/url-shortener.git/proto/server.pb.go:303.34,305.4 1 0
github.com/PaBah/url-shortener.git/proto/server.pb.go:306.3,306.12 1 0
github.com/PaBah/url-shortener.git/proto/server.pb.go:308.2,308.24 1 0
github.com/PaBah/url-shortener.git/proto/server.pb.go:312.59,314.2 1 0
github.com/PaBah/url-shortener.git/proto/server.pb.go:316.51,317.14 1 0
github.com/PaBah/url-shortener.git/proto/server.pb.go:317.14,319.3 1 0
github.com/PaBah/url-shortener.git/proto/server.pb.go:320.2,320.11 1 0
github.com/PaBah/url-shortener.git/proto/server.pb.go:332.24,334.29 2 0
github.com/PaBah/url-shortener.git/proto/server.pb.go:334.29,338.3 3 0
github.com/PaBah/url-shortener.git/proto/server.pb.go:341.32,343.2 1 0
github.com/PaBah/url-shortener.git/proto/server.pb.go:345.30,345.31 0 0
github.com/PaBah/url-shortener.git/proto/server.pb.go:347.52,349.41 2 0
github.com/PaBah/url-shortener.git/proto/server.pb.go:349.41,351.34 2 0
github.com/PaBah/url-shortener.git/proto/server.pb.go:351.34,353.4 1 0
github.com/PaBah/url-shortener.git/proto/server.pb.go:354.3,354.12 1 0
github.com/PaBah/url-shortener.git/proto/server.pb.go:356.2,356.24 1 0
github.com/PaBah/url-shortener.git/proto/server.pb.go:360.43,362.2 1 0
github.com/PaBah/url-shortener.git/proto/server.pb.go:364.37,365.14 1 0
github.com/PaBah/url-shortener.git/proto/server.pb.go:365.14,367.3 1 0
github.com/PaBah/url-shortener.git/proto/server.pb.go:368.2,368.11 1 0
github.com/PaBah/url-shortener.git/proto/server.pb.go:371.40,372.14 1 0
github.com/PaBah/url-shortener.git/proto/server.pb.go:372.14,374.3 1 0
github.com/PaBah/url-shortener.git/proto/server.pb.go:375.2,375.11 1 0
github.com/PaBah/url-shortener.git/proto/server.pb.go:386.41,388.29 2 0
github.com/PaBah/url-shortener.git/proto/server.pb.go:388.29,392.3 3 0
github.com/PaBah/url-shortener.git/proto/server.pb.go:395.49,397.2 1 0
github.com/PaBah/url-shortener.git/proto/server.pb.go:399.47,399.48 0 0
github.com/PaBah/url-shortener.git/proto/server.pb.go:401.69,403.41 2 0
github.com/PaBah/url-shortener.git/proto/server.pb.go:403.41,405.34 2 0
github.com/PaBah/url-shortener.git/proto/server.pb.go:405.34,407.4 1 0
github.com/PaBah/url-shortener.git/proto/server.pb.go:408.3,408.12 1 0
github.com/PaBah/url-shortener.git/proto/server.pb.go:410.2,410.24 1 0
github.com/PaBah/url-shortener.git/proto/server.pb.go:414.60,416.2 1 0
github.com/PaBah/url-shortener.git/proto/server.pb.go:418.51,419.14 1 0
github.com/PaBah/url-shortener.git/proto/server.pb.go:419.14,421.3 1 0
github.com/PaBah/url-shortener.git/proto/server.pb.go:422.2,422.12 1 0
github.com/PaBah/url-shortener.git/proto/server.pb.go:434.41,436.29 2 0
github.com/PaBah/url-shortener.git/proto/server.pb.go:436.29,440.3 3 0
github.com/PaBah/url-shortener.git/proto/server.pb.go:443.49,445.2 1 0
github.com/PaBah/url-shortener.git/proto/server.pb.go:447.47,447.48 0 0
github.com/PaBah/url-shortener.git/proto/server.pb.go:449.69,451.41 2 0
github.com/PaBah/url-shortener.git/proto/server.pb.go:451.41,453.34 2 0
github.com/PaBah/url-shortener.git/proto/server.pb.go:453.34,455.4 1 0
github.com/PaBah/url-shortener.git/proto/server.pb.go:456.3,456.12 1 0
github.com/PaBah/url-shortener.git/proto/server.pb.go:458.2,458.24 1 0
github.com/PaBah/url-shortener.git/proto/server.pb.go:462.60,464.2 1 0
github.com/PaBah/url-shortener.git/proto/server.pb.go:466.59,467.14 1 0
github.com/PaBah/url-shortener.git/proto/server.pb.go:467.14,469.3 1 0
github.com/PaBah/url-shortener.git/proto/server.pb.go:470.2,470.11 1 0
github.com/PaBah/url-shortener.git/proto/server.pb.go:473.57,474.14 1 0
github.com/PaBah/url-shortener.git/proto/server.pb.go:474.14,476.3 1 0
github.com/PaBah/url-shortener.git/proto/server.pb.go:477.2,477.11 1 0
github.com/PaBah/url-shortener.git/proto/server.pb.go:489.37,491.29 2 0
github.com/PaBah/url-shortener.git/proto/server.pb.go:491.29,495.3 3 0
github.com/PaBah/url-shortener.git/proto/server.pb.go:498.45,500.2 1 0
github.com/PaBah/url-shortener.git/proto/server.pb.go:502.43,502.44 0 0
github.com/PaBah/url-shortener.git/proto/server.pb.go:504.65,506.41 2 0
github.com/PaBah/url-shortener.git/proto/server.pb.go:506.41,508.34 2 0
github.com/PaBah/url-shortener.git/proto/server.pb.go:508.34,510.4 1 0
github.com/PaBah/url-shortener.git/proto/server.pb.go:511.3,511.12 1 0
github.com/PaBah/url-shortener.git/proto/server.pb.go:513.2,513.24 1 0
github.com/PaBah/url-shortener.git/proto/server.pb.go:517.56,519.2 1 0
github.com/PaBah/url-shortener.git/proto/server.pb.go:521.48,522.14 1 0
github.com/PaBah/url-shortener.git/proto/server.pb.go:522.14,524.3 1 0
github.com/PaBah/url-shortener.git/proto/server.pb.go:525.2,525.11 1 0
github.com/PaBah/url-shortener.git/proto/server.pb.go:528.68,529.14 1 0
github.com/PaBah/url-shortener.git/proto/server.pb.go:529.14,531.3 1 0
github.com/PaBah/url-shortener.git/proto/server.pb.go:532.2,532.12 1 0
github.com/PaBah/url-shortener.git/proto/server.pb.go:544.38,546.29 2 0
github.com/PaBah/url-shortener.git/proto/server.pb.go:546.29,550.3 3 0
github.com/PaBah/url-shortener.git/proto/server.pb.go:553.46,555.2 1 0
github.com/PaBah/url-shortener.git/proto/server.pb.go:557.44,557.45 0 0
github.com/PaBah/url-shortener.git/proto/server.pb.go:559.66,561.41 2 0
github.com/PaBah/url-shortener.git/proto/server.pb.go:561.41,563.34 2 0
github.com/PaBah/url-shortener.git/proto/server.pb.go:563.34,565.4 1 0
github.com/PaBah/url-shortener.git/proto/server.pb.go:566.3,566.12 1 0
github.com/PaBah/url-shortener.git/proto/server.pb.go:568.2,568.24 1 0
github.com/PaBah/url-shortener.git/proto/server.pb.go:572.57,574.2 1 0
github.com/PaBah/url-shortener.git/proto/server.pb.go:576.56,577.14 1 0
github.com/PaBah/url-shortener.git/proto/server.pb.go:577.14,579.3 1 0
github.com/PaBah/url-shortener.git/proto/server.pb.go:580.2,580.11 1 0
github.com/PaBah/url-shortener.git/proto/server.pb.go:583.51,584.14 1 0
github.com/PaBah/url-shortener.git/proto/server.pb.go:584.14,586.3 1 0
github.com/PaBah/url-shortener.git/proto/server.pb.go:587.2,587.11 1 0
github.com/PaBah/url-shortener.git/proto/server.pb.go:598.38,600.29 2 0
github.com/PaBah/url-shortener.git/proto/server.pb.go:600.29,604.3 3 0
github.com/PaBah/url-shortener.git/proto/server.pb.go:607.46,609.2 1 0
github.com/PaBah/url-shortener.git/proto/server.pb.go:611.44,611.45 0 0
github.com/PaBah/url-shortener.git/proto/server.pb.go:613.66,615.41 2 0
github.com/PaBah/url-shortener.git/proto/server.pb.go:615.41,617.34 2 0
github.com/PaBah/url-shortener.git/proto/server.pb.go:617.34,619.4 1 0
github.com/PaBah/url-shortener.git/proto/server.pb.go:620.3,620.12 1 0
github.com/PaBah/url-shortener.git/proto/server.pb.go:622.2,622.24 1 0
github.com/PaBah/url-shortener.git/proto/server.pb.go:626.57,628.2 1 0
github.com/PaBah/url-shortener.git/proto/server.pb.go:630.63,631.14 1 0
github.com/PaBah/url-shortener.git/proto/server.pb.go:631.14,633.3 1 0
github.com/PaBah/url-shortener.git/proto/server.pb.go:634.2,634.12 1 0
github.com/PaBah/url-shortener.git/proto/server.pb.go:646.33,648.29 2 0
github.com/PaBah/url-shortener.git/proto/server.pb.go:648.29,652.3 3 0
github.com/PaBah/url-shortener.git/proto/server.pb.go:655.41,657.2 1 0
github.com/PaBah/url-shortener.git/proto/server.pb.go:659.39,659.40 0 0
github.com/PaBah/url-shortener.git/proto/server.pb.go:661.61,663.41 2 0
github.com/PaBah/url-shortener.git/proto/server.pb.go:663.41,665.34 2 0
github.com/PaBah/url-shortener.git/proto/server.pb.go:665.34,667.4 1 0
github.com/PaBah/url-shortener.git/proto/server.pb.go:668.3,668.12 1 0
github.com/PaBah/url-shortener.git/proto/server.pb.go:670.2,670.24 1 0
github.com/PaBah/url-shortener.git/proto/server.pb.go:674.52,676.2 1 0
github.com/PaBah/url-shortener.git/proto/server.pb.go:678.41,679.14 1 0
github.com/PaBah/url-shortener.git/proto/server.pb.go:679.14,681.3 1 0
github.com/PaBah/url-shortener.git/proto/server.pb.go:682.2,682.10 1 0
github.com/PaBah/url-shortener.git/proto/server.pb.go:685.42,686.14 1 0
github.com/PaBah/url-shortener.git/proto/server.pb.go:686.14,688.3 1 0
github.com/PaBah/url-shortener.git/proto/server.pb.go:689.2,689.10 1 0
github.com/PaBah/url-shortener.git/proto/server.pb.go:787.51,788.48 1 0
github.com/PaBah/url-shortener.git/proto/server.pb.go:788.48,790.3 1 0
github.com/PaBah/url-shortener.git/proto/server.pb.go:791.2,791.44 1 0
github.com/PaBah/url-shortener.git/proto/server.pb.go:834.13,834.47 1 1
github.com/PaBah/url-shortener.git/proto/server.pb.go:835.37,836.36 1 1
github.com/PaBah/url-shortener.git/proto/server.pb.go:836.36,838.3 1 0
github.com/PaBah/url-shortener.git/proto/server.pb.go:839.2,839.30 1 1
github.com/PaBah/url-shortener.git/proto/server.pb.go:839.30,840.73 1 0
github.com/PaBah/url-shortener.git/proto/server.pb.go:840.73,841.37 1 0
github.com/PaBah/url-shortener.git/proto/server.pb.go:842.11,843.20 1 0
github.com/PaBah/url-shortener.git/proto/server.pb.go:844.11,845.24 1 0
github.com/PaBah/url-shortener.git/proto/server.pb.go:846.11,847.28 1 0
github.com/PaBah/url-shortener.git/proto/server.pb.go:848.12,849.15 1 0
github.com/PaBah/url-shortener.git/proto/server.pb.go:852.3,852.73 1 0
github.com/PaBah/url-shortener.git/proto/server.pb.go:852.73,853.38 1 0
github.com/PaBah/url-shortener.git/proto/server.pb.go:854.11,855.20 1 0
github.com/PaBah/url-shortener.git/proto/server.pb.go:856.11,857.24 1 0
github.com/PaBah/url-shortener.git/proto/server.pb.go:858.11,859.28 1 0
github.com/PaBah/url-shortener.git/proto/server.pb.go:860.12,861.15 1 0
github.com/PaBah/url-shortener.git/proto/server.pb.go:864.3,864.73 1 0
github.com/PaBah/url-shortener.git/proto/server.pb.go:864.73,865.38 1 0
github.com/PaBah/url-shortener.git/proto/server.pb.go:866.11,867.20 1 0
github.com/PaBah/url-shortener.git/proto/server.pb.go:868.11,869.24 1 0
github.com/PaBah/url-shortener.git/proto/server.pb.go:870.11,871.28 1 0
github.com/PaBah/url-shortener.git/proto/server.pb.go:872.12,873.15 1 0
github.com/PaBah/url-shortener.git/proto/server.pb.go:876.3,876.73 1 0
github.com/PaBah/url-shortener.git/proto/server.pb.go:876.73,877.39 1 0
github.com/PaBah/url-shortener.git/proto/server.pb.go:878.11,879.20 1 0
github.com/PaBah/url-shortener.git/proto/server.pb.go:880.11,881.24 1 0
github.com/PaBah/url-shortener.git/proto/server.pb.go:882.11,883.28 1 0
github.com/PaBah/url-shortener.git/proto/server.pb.go:884.12,885.15 1 0
github.com/PaBah/url-shortener.git/proto/server.pb.go:888.3,888.73 1 0
github.com/PaBah/url-shortener.git/proto/server.pb.go:888.73,889.38 1 0
github.com/PaBah/url-shortener.git/proto/server.pb.go:890.11,891.20 1 0
github.com/PaBah/url-shortener.git/proto/server.pb.go:892.11,893.24 1 0
github.com/PaBah/url-shortener.git/proto/server.pb.go:894.11,895.28 1 0
github.com/PaBah/url-shortener.git/proto/server.pb.go:896.12,897.15 1 0
github.com/PaBah/url-shortener.git/proto/server.pb.go:900.3,900.73 1 0
github.com/PaBah/url-shortener.git/proto/server.pb.go:900.73,901.45 1 0
github.com/PaBah/url-shortener.git/proto/server.pb.go:902.11,903.20 1 0
github.com/PaBah/url-shortener.git/proto/server.pb.go:904.11,905.24 1 0
github.com/PaBah/url-shortener.git/proto/server.pb.go:906.11,907.28 1 0
github.com/PaBah/url-shortener.git/proto/server.pb.go:908.12,909.15 1 0
github.com/PaBah/url-shortener.git/proto/server.pb.go:912.3,912.73 1 0
github.com/PaBah/url-shortener.git/proto/server.pb.go:912.73,913.29 1 0
github.com/PaBah/url-shortener.git/proto/server.pb.go:914.11,915.20 1 0
github.com/PaBah/url-shortener.git/proto/server.pb.go:916.11,917.24 1 0
github.com/PaBah/url-shortener.git/proto/server.pb.go:918.11,919.28 1 0
github.com/PaBah/url-shortener.git/proto/server.pb.go:920.12,921.15 1 0
github.com/PaBah/url-shortener.git/proto/server.pb.go:924.3,924.73 1 0
github.com/PaBah/url-shortener.git/proto/server.pb.go:924.73,925.46 1 0
github.com/PaBah/url-shortener.git/proto/server.pb.go:926.11,927.20 1 0
github.com/PaBah/url-shortener.git/proto/server.pb.go:928.11,929.24 1 0
github.com/PaBah/url-shortener.git/proto/server.pb.go:930.11,931.28 1 0
github.com/PaBah/url-shortener.git/proto/server.pb.go:932.12,933.15 1 0
github.com/PaBah/url-shortener.git/proto/server.pb.go:936.3,936.73 1 0
github.com/PaBah/url-shortener.git/proto/server.pb.go:936.73,937.46 1 0
github.com/PaBah/url-shortener.git/proto/server.pb.go:938.11,939.20 1 0
github.com/PaBah/url-shortener.git/proto/server.pb.go:940.11,941.24 1 0
github.com/PaBah/url-shortener.git/proto/server.pb.go:942.11,943.28 1 0
github.com/PaBah/url-shortener.git/proto/server.pb.go:944.12,945.15 1 0
github.com/PaBah/url-shortener.git/proto/server.pb.go:948.3,948.73 1 0
github.com/PaBah/url-shortener.git/proto/server.pb.go:948.73,949.42 1 0
github.com/PaBah/url-shortener.git/proto/server.pb.go:950.11,951.20 1 0
github.com/PaBah/url-shortener.git/proto/server.pb.go:952.11,953.24 1 0
github.com/PaBah/url-shortener.git/proto/server.pb.go:954.11,955.28 1 0
github.com/PaBah/url-shortener.git/proto/server.pb.go:956.12,957.15 1 0
github.com/PaBah/url-shortener.git/proto/server.pb.go:960.3,960.74 1 0
github.com/PaBah/url-shortener.git/proto/server.pb.go:960.74,961.43 1 0
github.com/PaBah/url-shortener.git/proto/server.pb.go:962.11,963.20 1 0
github.com/PaBah/url-shortener.git/proto/server.pb.go:964.11,965.24 1 0
github.com/PaBah/url-shortener.git/proto/server.pb.go:966.11,967.28 1 0
github.com/PaBah/url-shortener.git/proto/server.pb.go:968.12,969.15 1 0
github.com/PaBah/url-shortener.git/proto/server.pb.go:972.3,972.74 1 0
github.com/PaBah/url-shortener.git/proto/server.pb.go:972.74,973.43 1 0
github.com/PaBah/url-shortener.git/proto/server.pb.go:974.11,975.20 1 0
github.com/PaBah/url-shortener.git/proto/server.pb.go:976.11,977.24 1 0
github.com/PaBah/url-shortener.git/proto/server.pb.go:978.11,979.28 1 0
github.com/PaBah/url-shortener.git/proto/server.pb.go:980.12,981.15 1 0
github.com/PaBah/url-shortener.git/proto/server.pb.go:984.3,984.74 1 0
github.com/PaBah/url-shortener.git/proto/server.pb.go:984.74,985.38 1 0
github.com/PaBah/url-shortener.git/proto/server.pb.go:986.11,987.20 1 0
github.com/PaBah/url-shortener.git/proto/server.pb.go:988.11,989.24 1 0
github.com/PaBah/url-shortener.git/proto/server.pb.go:990.11,991.28 1 0
github.com/PaBah/url-shortener.git/proto/server.pb.go:992.12,993.15 1 0
github.com/PaBah/url-shortener.git/proto/server.pb.go:997.2,1014.39 6 1
github.com/PaBah/url-shortener.git/proto/server_grpc.pb.go:47.70,49.2 1 0
github.com/PaBah/url-shortener.git/proto/server_grpc.pb.go:51.121,54.16 3 0
github.com/PaBah/url-shortener.git/proto/server_grpc.pb.go:54.16,56.3 1 0
github.com/PaBah/url-shortener.git/proto/server_grpc.pb.go:57.2,57.17 1 0
github.com/PaBah/url-shortener.git/proto/server_grpc.pb.go:60.124,63.16 3 0
github.com/PaBah/url-shortener.git/proto/server_grpc.pb.go:63.16,65.3 1 0
github.com/PaBah/url-shortener.git/proto/server_grpc.pb.go:66.2,66.17 1 0
github.com/PaBah/url-shortener.git/proto/server_grpc.pb.go:69.123,72.16 3 0
github.com/PaBah/url-shortener.git/proto/server_grpc.pb.go:72.16,74.3 1 0
github.com/PaBah/url-shortener.git/proto/server_grpc.pb.go:75.2,75.17 1 0
github.com/PaBah/url-shortener.git/proto/server_grpc.pb.go:78.145,81.16 3 0
github.com/PaBah/url-shortener.git/proto/server_grpc.pb.go:81.16,83.3 1 0
github.com/PaBah/url-shortener.git/proto/server_grpc.pb.go:84.2,84.17 1 0
github.com/PaBah/url-shortener.git/proto/server_grpc.pb.go:87.136,90.16 3 0
github.com/PaBah/url-shortener.git/proto/server_grpc.pb.go:90.16,92.3 1 0
github.com/PaBah/url-shortener.git/proto/server_grpc.pb.go:93.2,93.17 1 0
github.com/PaBah/url-shortener.git/proto/server_grpc.pb.go:96.122,99.16 3 0
github.com/PaBah/url-shortener.git/proto/server_grpc.pb.go:99.16,101.3 1 0
github.com/PaBah/url-shortener.git/proto/server_grpc.pb.go:102.2,102.17 1 0
github.com/PaBah/url-shortener.git/proto/server_grpc.pb.go:125.99,127.2 1 0
github.com/PaBah/url-shortener.git/proto/server_grpc.pb.go:128.102,130.2 1 0
github.com/PaBah/url-shortener.git/proto/server_grpc.pb.go:131.101,133.2 1 0
github.com/PaBah/url-shortener.git/proto/server_grpc.pb.go:134.123,136.2 1 0
github.com/PaBah/url-shortener.git/proto/server_grpc.pb.go:137.114,139.2 1 0
github.com/PaBah/url-shortener.git/proto/server_grpc.pb.go:140.100,142.2 1 0
github.com/PaBah/url-shortener.git/proto/server_grpc.pb.go:143.78,143.79 0 0
github.com/PaBah/url-shortener.git/proto/server_grpc.pb.go:144.78,144.79 0 0
github.com/PaBah/url-shortener.git/proto/server_grpc.pb.go:153.76,158.59 1 0
github.com/PaBah/url-shortener.git/proto/server_grpc.pb.go:158.59,160.3 1 0
github.com/PaBah/url-shortener.git/proto/server_grpc.pb.go:161.2,161.48 1 0
github.com/PaBah/url-shortener.git/proto/server_grpc.pb.go:164.160,166.32 2 0
github.com/PaBah/url-shortener.git/proto/server_grpc.pb.go:166.32,168.3 1 0
github.com/PaBah/url-shortener.git/proto/server_grpc.pb.go:169.2,169.24 1 0
github.com/PaBah/url-shortener.git/proto/server_grpc.pb.go:169.24,171.3 1 0
github.com/PaBah/url-shortener.git/proto/server_grpc.pb.go:172.2,176.77 2 0
github.com/PaBah/url-shortener.git/proto/server_grpc.pb.go:176.77,178.3 1 0
github.com/PaBah/url-shortener.git/proto/server_grpc.pb.go:179.2,179.44 1 0
github.com/PaBah/url-shortener.git/proto/server_grpc.pb.go:182.161,184.32 2 0
github.com/PaBah/url-shortener.git/proto/server_grpc.pb.go:184.32,186.3 1 0
github.com/PaBah/url-shortener.git/proto/server_grpc.pb.go:187.2,187.24 1 0
github.com/PaBah/url-shortener.git/proto/server_grpc.pb.go:187.24,189.3 1 0
github.com/PaBah/url-shortener.git/proto/server_grpc.pb.go:190.2,194.77 2 0
github.com/PaBah/url-shortener.git/proto/server_grpc.pb.go:194.77,196.3 1 0
github.com/PaBah/url-shortener.git/proto/server_grpc.pb.go:197.2,197.44 1 0
github.com/PaBah/url-shortener.git/proto/server_grpc.pb.go:200.161,202.32 2 0
github.com/PaBah/url-shortener.git/proto/server_grpc.pb.go:202.32,204.3 1 0
github.com/PaBah/url-shortener.git/proto/server_grpc.pb.go:205.2,205.24 1 0
github.com/PaBah/url-shortener.git/proto/server_grpc.pb.go:205.24,207.3 1 0
github.com/PaBah/url-shortener.git/proto/server_grpc.pb.go:208.2,212.77 2 0
github.com/PaBah/url-shortener.git/proto/server_grpc.pb.go:212.77,214.3 1 0
github.com/PaBah/url-shortener.git/proto/server_grpc.pb.go:215.2,215.44 1 0
github.com/PaBah/url-shortener.git/proto/server_grpc.pb.go:218.168,220.32 2 0
github.com/PaBah/url-shortener.git/proto/server_grpc.pb.go:220.32,222.3 1 0
github.com/PaBah/url-shortener.git/proto/server_grpc.pb.go:223.2,223.24 1 0
github.com/PaBah/url-shortener.git/proto/server_grpc.pb.go:223.24,225.3 1 0
github.com/PaBah/url-shortener.git/proto/server_grpc.pb.go:226.2,230.77 2 0
github.com/PaBah/url-shortener.git/proto/server_grpc.pb.go:230.77,232.3 1 0
github.com/PaBah/url-shortener.git/proto/server_grpc.pb.go:233.2,233.44 1 0
github.com/PaBah/url-shortener.git/proto/server_grpc.pb.go:236.165,238.32 2 0
github.com/PaBah/url-shortener.git/proto/server_grpc.pb.go:238.32,240.3 1 0
github.com/PaBah/url-shortener.git/proto/server_grpc.pb.go:241.2,241.24 1 0
github.com/PaBah/url-shortener.git/proto/server_grpc.pb.go:241.24,243.3 1 0
github.com/PaBah/url-shortener.git/proto/server_grpc.pb.go:244.2,248.77 2 0
github.com/PaBah/url-shortener.git/proto/server_grpc.pb.go:248.77,250.3 1 0
github.com/PaBah/url-shortener.git/proto/server_grpc.pb.go:251.2,251.44 1 0
github.com/PaBah/url-shortener.git/proto/server_grpc.pb.go:254.160,256.32 2 0
github.com/PaBah/url-shortener.git/proto/server_grpc.pb.go:256.32,258.3 1 0
github.com/PaBah/url-shortener.git/proto/server_grpc.pb.go:259.2,259.24 1 0
github.com/PaBah/url-shortener.git/proto/server_grpc.pb.go:259.24,261.3 1 0
github.com/PaBah/url-shortener.git/proto/server_grpc.pb.go:262.2,266.77 2 0
github.com/PaBah/url-shortener.git/proto/server_grpc.pb.go:266.77,268.3 1 0
github.com/PaBah/url-shortener.git/proto/server_grpc.pb.go:269.2,269.44 1 0
github.com/PaBah/url-shortener.git/cmd/shortener/server/grpc.go:25.102,31.41 5 0
github.com/PaBah/url-shortener.git/cmd/shortener/server/grpc.go:31.41,33.3 1 0
github.com/PaBah/url-shortener.git/cmd/shortener/server/grpc.go:34.2,34.22 1 0
github.com/PaBah/url-shortener.git/cmd/shortener/server/grpc.go:37.105,41.28 3 0
github.com/PaBah/url-shortener.git/cmd/shortener/server/grpc.go:41.28,43.3 1 0
github.com/PaBah/url-shortener.git/cmd/shortener/server/grpc.go:44.2,45.22 2 0
github.com/PaBah/url-shortener.git/cmd/shortener/server/grpc.go:48.101,58.2 6 0
github.com/PaBah/url-shortener.git/cmd/shortener/server/grpc.go:60.126,63.16 3 0
github.com/PaBah/url-shortener.git/cmd/shortener/server/grpc.go:63.16,65.3 1 0
github.com/PaBah/url-shortener.git/cmd/shortener/server/grpc.go:67.2,67.37 1 0
github.com/PaBah/url-shortener.git/cmd/shortener/server/grpc.go:67.37,72.3 1 0
github.com/PaBah/url-shortener.git/cmd/shortener/server/grpc.go:74.2,74.22 1 0
github.com/PaBah/url-shortener.git/cmd/shortener/server/grpc.go:77.117,81.43 3 0
github.com/PaBah/url-shortener.git/cmd/shortener/server/grpc.go:81.43,84.3 2 0
github.com/PaBah/url-shortener.git/cmd/shortener/server/grpc.go:86.2,87.16 2 0
github.com/PaBah/url-shortener.git/cmd/shortener/server/grpc.go:87.16,89.3 1 0
github.com/PaBah/url-shortener.git/cmd/shortener/server/grpc.go:91.2,91.56 1 0
github.com/PaBah/url-shortener.git/cmd/shortener/server/grpc.go:91.56,96.3 1 0
github.com/PaBah/url-shortener.git/cmd/shortener/server/grpc.go:98.2,98.22 1 0
github.com/PaBah/url-shortener.git/cmd/shortener/server/grpc.go:101.100,104.16 3 0
github.com/PaBah/url-shortener.git/cmd/shortener/server/grpc.go:104.16,106.3 1 0
github.com/PaBah/url-shortener.git/cmd/shortener/server/grpc.go:108.2,111.22 3 0
github.com/PaBah/url-shortener.git/cmd/shortener/server/grpc.go:114.96,120.2 2 0
github.com/PaBah/url-shortener.git/cmd/shortener/server/server.go:32.79,36.28 3 2
github.com/PaBah/url-shortener.git/cmd/shortener/server/server.go:36.28,39.3 2 0
github.com/PaBah/url-shortener.git/cmd/shortener/server/server.go:40.2,40.79 1 2
github.com/PaBah/url-shortener.git/cmd/shortener/server/server.go:44.75,46.16 2 2
github.com/PaBah/url-shortener.git/cmd/shortener/server/server.go:46.16,49.3 2 0
github.com/PaBah/url-shortener.git/cmd/shortener/server/server.go:50.2,57.41 6 2
github.com/PaBah/url-shortener.git/cmd/shortener/server/server.go:57.41,59.3 1 1
github.com/PaBah/url-shortener.git/cmd/shortener/server/server.go:59.8,61.3 1 1
github.com/PaBah/url-shortener.git/cmd/shortener/server/server.go:63.2,64.16 2 2
github.com/PaBah/url-shortener.git/cmd/shortener/server/server.go:64.16,68.3 3 0
github.com/PaBah/url-shortener.git/cmd/shortener/server/server.go:72.78,74.16 2 3
github.com/PaBah/url-shortener.git/cmd/shortener/server/server.go:74.16,77.3 2 0
github.com/PaBah/url-shortener.git/cmd/shortener/server/server.go:79.2,81.16 3 3
github.com/PaBah/url-shortener.git/cmd/shortener/server/server.go:81.16,84.3 2 1
github.com/PaBah/url-shortener.git/cmd/shortener/server/server.go:86.2,90.41 4 2
github.com/PaBah/url-shortener.git/cmd/shortener/server/server.go:90.41,92.3 1 1
github.com/PaBah/url-shortener.git/cmd/shortener/server/server.go:92.8,94.3 1 1
github.com/PaBah/url-shortener.git/cmd/shortener/server/server.go:96.2,102.16 3 2
github.com/PaBah/url-shortener.git/cmd/shortener/server/server.go:102.16,105.3 2 0
github.com/PaBah/url-shortener.git/cmd/shortener/server/server.go:107.2,108.16 2 2
github.com/PaBah/url-shortener.git/cmd/shortener/server/server.go:108.16,112.3 3 0
github.com/PaBah/url-shortener.git/cmd/shortener/server/server.go:116.72,118.9 2 1
github.com/PaBah/url-shortener.git/cmd/shortener/server/server.go:118.9,121.3 2 1
github.com/PaBah/url-shortener.git/cmd/shortener/server/server.go:123.2,123.54 1 0
github.com/PaBah/url-shortener.git/cmd/shortener/server/server.go:123.54,126.3 2 0
github.com/PaBah/url-shortener.git/cmd/shortener/server/server.go:130.83,132.16 2 3
github.com/PaBah/url-shortener.git/cmd/shortener/server/server.go:132.16,135.3 2 0
github.com/PaBah/url-shortener.git/cmd/shortener/server/server.go:137.2,139.16 3 3
github.com/PaBah/url-shortener.git/cmd/shortener/server/server.go:139.16,142.3 2 1
github.com/PaBah/url-shortener.git/cmd/shortener/server/server.go:144.2,145.43 2 2
github.com/PaBah/url-shortener.git/cmd/shortener/server/server.go:145.43,148.3 2 2
github.com/PaBah/url-shortener.git/cmd/shortener/server/server.go:150.2,151.16 2 2
github.com/PaBah/url-shortener.git/cmd/shortener/server/server.go:151.16,154.3 2 1
github.com/PaBah/url-shortener.git/cmd/shortener/server/server.go:156.2,157.56 2 1
github.com/PaBah/url-shortener.git/cmd/shortener/server/server.go:157.56,162.3 1 1
github.com/PaBah/url-shortener.git/cmd/shortener/server/server.go:164.2,167.16 3 1
github.com/PaBah/url-shortener.git/cmd/shortener/server/server.go:167.16,170.3 2 0
github.com/PaBah/url-shortener.git/cmd/shortener/server/server.go:172.2,174.16 3 1
github.com/PaBah/url-shortener.git/cmd/shortener/server/server.go:174.16,178.3 3 0
github.com/PaBah/url-shortener.git/cmd/shortener/server/server.go:182.76,184.16 2 2
github.com/PaBah/url-shortener.git/cmd/shortener/server/server.go:184.16,187.3 2 1
github.com/PaBah/url-shortener.git/cmd/shortener/server/server.go:189.2,190.37 2 1
github.com/PaBah/url-shortener.git/cmd/shortener/server/server.go:190.37,195.3 1 1
github.com/PaBah/url-shortener.git/cmd/shortener/server/server.go:197.2,200.16 3 1
github.com/PaBah/url-shortener.git/cmd/shortener/server/server.go:200.16,203.3 2 0
github.com/PaBah/url-shortener.git/cmd/shortener/server/server.go:205.2,207.16 3 1
github.com/PaBah/url-shortener.git/cmd/shortener/server/server.go:207.16,211.3 3 0
github.com/PaBah/url-shortener.git/cmd/shortener/server/server.go:215.86,217.16 2 2
github.com/PaBah/url-shortener.git/cmd/shortener/server/server.go:217.16,220.3 2 0
github.com/PaBah/url-shortener.git/cmd/shortener/server/server.go:222.2,224.16 3 2
github.com/PaBah/url-shortener.git/cmd/shortener/server/server.go:224.16,227.3 2 1
github.com/PaBah/url-shortener.git/cmd/shortener/server/server.go:229.2,237.38 6 1
github.com/PaBah/url-shortener.git/cmd/shortener/server/server.go:241.84,243.16 2 0
github.com/PaBah/url-shortener.git/cmd/shortener/server/server.go:243.16,246.3 2 0
github.com/PaBah/url-shortener.git/cmd/shortener/server/server.go:248.2,253.16 4 0
github.com/PaBah/url-shortener.git/cmd/shortener/server/server.go:253.16,256.3 2 0
github.com/PaBah/url-shortener.git/cmd/shortener/server/server.go:258.2,260.16 3 0
github.com/PaBah/url-shortener.git/cmd/shortener/server/server.go:260.16,264.3 3 0
github.com/PaBah/url-shortener.git/cmd/shortener/server/server.go:268.79,278.29 5 1
github.com/PaBah/url-shortener.git/cmd/shortener/server/server.go:278.29,286.60 7 1
github.com/PaBah/url-shortener.git/cmd/shortener/server/server.go:286.60,288.5 1 1
github.com/PaBah/url-shortener.git/cmd/shortener/server/server.go:291.2,291.29 1 1
github.com/PaBah/url-shortener.git/cmd/shortener/server/server.go:291.29,295.3 3 1
github.com/PaBah/url-shortener.git/cmd/shortener/server/server.go:296.2,296.33 1 1
github.com/PaBah/url-shortener.git/cmd/shortener/server/server.go:296.33,298.17 2 0
github.com/PaBah/url-shortener.git/cmd/shortener/server/server.go:298.17,300.4 1 0
github.com/PaBah/url-shortener.git/cmd/shortener/server/server.go:302.3,302.30 1 0
github.com/PaBah/url-shortener.git/cmd/shortener/server/server.go:302.30,305.4 2 0
github.com/PaBah/url-shortener.git/cmd/shortener/server/server.go:307.2,307.10 1 1
github.com/PaBah/url-shortener.git/internal/mock/handler_mock.go:9.75,10.58 1 0
github.com/PaBah/url-shortener.git/internal/mock/handler_mock.go:10.58,15.3 4 0
github.com/PaBah/url-shortener.git/internal/mock/storage_mock.go:27.65,31.2 3 1
github.com/PaBah/url-shortener.git/internal/mock/storage_mock.go:34.63,36.2 1 10
github.com/PaBah/url-shortener.git/internal/mock/storage_mock.go:39.96,44.2 4 3
github.com/PaBah/url-shortener.git/internal/mock/storage_mock.go:47.103,50.2 2 1
github.com/PaBah/url-shortener.git/internal/mock/storage_mock.go:53.89,58.2 4 0
github.com/PaBah/url-shortener.git/internal/mock/storage_mock.go:61.96,64.2 2 0
github.com/PaBah/url-shortener.git/internal/mock/storage_mock.go:67.94,73.2 5 2
github.com/PaBah/url-shortener.git/internal/mock/storage_mock.go:76.82,79.2 2 2
github.com/PaBah/url-shortener.git/internal/mock/storage_mock.go:82.88,88.2 5 2
github.com/PaBah/url-shortener.git/internal/mock/storage_mock.go:91.81,94.2 2 2
github.com/PaBah/url-shortener.git/internal/mock/storage_mock.go:97.74,104.2 6 0
github.com/PaBah/url-shortener.git/internal/mock/storage_mock.go:107.78,110.2 2 0
github.com/PaBah/url-shortener.git/internal/mock/storage_mock.go:113.87,118.2 4 4
github.com/PaBah/url-shortener.git/internal/mock/storage_mock.go:121.85,124.2 2 3
github.com/PaBah/url-shortener.git/internal/mock/storage_mock.go:127.107,132.2 4 2
github.com/PaBah/url-shortener.git/internal/mock/storage_mock.go:135.94,138.2 2 2
github.com/PaBah/url-shortener.git/proto/server.pb.go:34.32,36.29 2 0
github.com/PaBah/url-shortener.git/proto/server.pb.go:36.29,40.3 3 0
github.com/PaBah/url-shortener.git/proto/server.pb.go:43.40,45.2 1 0
github.com/PaBah/url-shortener.git/proto/server.pb.go:47.38,47.39 0 0
github.com/PaBah/url-shortener.git/proto/server.pb.go:49.60,51.41 2 0
github.com/PaBah/url-shortener.git/proto/server.pb.go:51.41,53.34 2 0
github.com/PaBah/url-shortener.git/proto/server.pb.go:53.34,55.4 1 0
github.com/PaBah/url-shortener.git/proto/server.pb.go:56.3,56.12 1 0
github.com/PaBah/url-shortener.git/proto/server.pb.go:58.2,58.24 1 0
github.com/PaBah/url-shortener.git/proto/server.pb.go:62.51,64.2 1 0
github.com/PaBah/url-shortener.git/proto/server.pb.go:66.43,67.14 1 0
github.com/PaBah/url-shortener.git/proto/server.pb.go:67.14,69.3 1 0
github.com/PaBah/url-shortener.git/proto/server.pb.go:70.2,70.11 1 0
github.com/PaBah/url-shortener.git/proto/server.pb.go:73.40,74.14 1 0
github.com/PaBah/url-shortener.git/proto/server.pb.go:74.14,76.3 1 0
github.com/PaBah/url-shortener.git/proto/server.pb.go:77.2,77.11 1 0
github.com/PaBah/url-shortener.git/proto/server.pb.go:88.33,90.29 2 0
github.com/PaBah/url-shortener.git/proto/server.pb.go:90.29,94.3 3 0
github.com/PaBah/url-shortener.git/proto/server.pb.go:97.41,99.2 1 0
github.com/PaBah/url-shortener.git/proto/server.pb.go:101.39,101.40 0 0
github.com/PaBah/url-shortener.git/proto/server.pb.go:103.61,105.41 2 0
github.com/PaBah/url-shortener.git/proto/server.pb.go:105.41,107.34 2 0
github.com/PaBah/url-shortener.git/proto/server.pb.go:107.34,109.4 1 0
github.com/PaBah/url-shortener.git/proto/server.pb.go:110.3,110.12 1 0
github.com/PaBah/url-shortener.git/proto/server.pb.go:112.2,112.24 1 0
github.com/PaBah/url-shortener.git/proto/server.pb.go:116.52,118.2 1 0
github.com/PaBah/url-shortener.git/proto/server.pb.go:120.44,121.14 1 0
github.com/PaBah/url-shortener.git/proto/server.pb.go:121.14,123.3 1 0
github.com/PaBah/url-shortener.git/proto/server.pb.go:124.2,124.11 1 0
github.com/PaBah/url-shortener.git/proto/server.pb.go:135.33,137.29 2 0
github.com/PaBah/url-shortener.git/proto/server.pb.go:137.29,141.3 3 0
github.com/PaBah/url-shortener.git/proto/server.pb.go:144.41,146.2 1 0
github.com/PaBah/url-shortener.git/proto/server.pb.go:148.39,148.40 0 0
github.com/PaBah/url-shortener.git/proto/server.pb.go:150.61,152.41 2 0
github.com/PaBah/url-shortener.git/proto/server.pb.go:152.41,154.34 2 0
github.com/PaBah/url-shortener.git/proto/server.pb.go:154.34,156.4 1 0
github.com/PaBah/url-shortener.git/proto/server.pb.go:157.3,157.12 1 0
github.com/PaBah/url-shortener.git/proto/server.pb.go:159.2,159.24 1 0
github.com/PaBah/url-shortener.git/proto/server.pb.go:163.52,165.2 1 0
github.com/PaBah/url-shortener.git/proto/server.pb.go:167.45,168.14 1 0
github.com/PaBah/url-shortener.git/proto/server.pb.go:168.14,170.3 1 0
github.com/PaBah/url-shortener.git/proto/server.pb.go:171.2,171.11 1 0
github.com/PaBah/url-shortener.git/proto/server.pb.go:182.34,184.29 2 0
github.com/PaBah/url-shortener.git/proto/server.pb.go:184.29,188.3 3 0
github.com/PaBah/url-shortener.git/proto/server.pb.go:191.42,193.2 1 0
github.com/PaBah/url-shortener.git/proto/server.pb.go:195.40,195.41 0 0
github.com/PaBah/url-shortener.git/proto/server.pb.go:197.62,199.41 2 0
github.com/PaBah/url-shortener.git/proto/server.pb.go:199.41,201.34 2 0
github.com/PaBah/url-shortener.git/proto/server.pb.go:201.34,203.4 1 0
github.com/PaBah/url-shortener.git/proto/server.pb.go:204.3,204.12 1 0
github.com/PaBah/url-shortener.git/proto/server.pb.go:206.2,206.24 1 0
github.com/PaBah/url-shortener.git/proto/server.pb.go:210.53,212.2 1 0
github.com/PaBah/url-shortener.git/proto/server.pb.go:214.42,215.14 1 0
github.com/PaBah/url-shortener.git/proto/server.pb.go:215.14,217.3 1 0
github.com/PaBah/url-shortener.git/proto/server.pb.go:218.2,218.11 1 0
github.com/PaBah/url-shortener.git/proto/server.pb.go:230.33,232.29 2 0
github.com/PaBah/url-shortener.git/proto/server.pb.go:232.29,236.3 3 0
github.com/PaBah/url-shortener.git/proto/server.pb.go:239.41,241.2 1 0
github.com/PaBah/url-shortener.git/proto/server.pb.go:243.39,243.40 0 0
github.com/PaBah/url-shortener.git/proto/server.pb.go:245.61,247.41 2 0
github.com/PaBah/url-shortener.git/proto/server.pb.go:247.41,249.34 2 0
github.com/PaBah/url-shortener.git/proto/server.pb.go:249.34,251.4 1 0
github.com/PaBah/url-shortener.git/proto/server.pb.go:252.3,252.12 1 0
github.com/PaBah/url-shortener.git/proto/server.pb.go:254.2,254.24 1 0
github.com/PaBah/url-shortener.git/proto/server.pb.go:258.52,260.2 1 0
github.com/PaBah/url-shortener.git/proto/server.pb.go:262.44,263.14 1 0
github.com/PaBah/url-shortener.git/proto/server.pb.go:263.14,265.3 1 0
github.com/PaBah/url-shortener.git/proto/server.pb.go:266.2,266.11 1 0
github.com/PaBah/url-shortener.git/proto/server.pb.go:269.42,270.14 1 0
github.com/PaBah/url-shortener.git/proto/server.pb.go:270.14,272.3 1 0
github.com/PaBah/url-shortener.git/proto/server.pb.go:273.2,273.12 1 0
github.com/PaBah/url-shortener.git/proto/server.pb.go:284.40,286.29 2 0
github.com/PaBah/url-shortener.git/proto/server.pb.go:286.29,290.3 3 0
github.com/PaBah/url-shortener.git/proto/server.pb.go:293.48,295.2 1 0
github.com/PaBah/url-shortener.git/proto/server.pb.go:297.46,297.47 0 0
github.com/PaBah/url-shortener.git/proto/server.pb.go:299.68,301.41 2 0
github.com/PaBah/url-shortener.git/proto/server.pb.go:301.41,303.34 2 0
github.com/PaBah/url-shortener.git/proto/server.pb.go:303.34,305.4 1 0
github.com/PaBah/url-shortener.git/proto/server.pb.go:306.3,306.12 1 0
github.com/PaBah/url-shortener.git/proto/server.pb.go:308.2,308.24 1 0
github.com/PaBah/url-shortener.git/proto/server.pb.go:312.59,314.2 1 0
github.com/PaBah/url-shortener.git/proto/server.pb.go:316.51,317.14 1 0
github.com/PaBah/url-shortener.git/proto/server.pb.go:317.14,319.3 1 0
github.com/PaBah/url-shortener.git/proto/server.pb.go:320.2,320.11 1 0
github.com/PaBah/url-shortener.git/proto/server.pb.go:332.24,334.29 2 0
github.com/PaBah/url-shortener.git/proto/server.pb.go:334.29,338.3 3 0
github.com/PaBah/url-shortener.git/proto/server.pb.go:341.32,343.2 1 0
github.com/PaBah/url-shortener.git/proto/server.pb.go:345.30,345.31 0 0
github.com/PaBah/url-shortener.git/proto/server.pb.go:347.52,349.41 2 0
github.com/PaBah/url-shortener.git/proto/server.pb.go:349.41,351.34 2 0
github.com/PaBah/url-shortener.git/proto/server.pb.go:351.34,353.4 1 0
github.com/PaBah/url-shortener.git/proto/server.pb.go:354.3,354.12 1 0
github.com/PaBah/url-shortener.git/proto/server.pb.go:356.2,356.24 1 0
github.com/PaBah/url-shortener.git/proto/server.pb.go:360.43,362.2 1 0
github.com/PaBah/url-shortener.git/proto/server.pb.go:364.37,365.14 1 0
github.com/PaBah/url-shortener.git/proto/server.pb.go:365.14,367.3 1 0
github.com/PaBah/url-shortener.git/proto/server.pb.go:368.2,368.11 1 0
github.com/PaBah/url-shortener.git/proto/server.pb.go:371.40,372.14 1 0
github.com/PaBah/url-shortener.git/proto/server.pb.go:372.14,374.3 1 0
github.com/PaBah/url-shortener.git/proto/server.pb.go:375.2,375.11 1 0
github.com/PaBah/url-shortener.git/proto/server.pb.go:386.41,388.29 2 0
github.com/PaBah/url-shortener.git/proto/server.pb.go:388.29,392.3 3 0
github.com/PaBah/url-shortener.git/proto/server.pb.go:395.49,397.2 1 0
github.com/PaBah/url-shortener.git/proto/server.pb.go:399.47,399.48 0 0
github.com/PaBah/url-shortener.git/proto/server.pb.go:401.69,403.41 2 0
github.com/PaBah/url-shortener.git/proto/server.pb.go:403.41,405.34 2 0
github.com/PaBah/url-shortener.git/proto/server.pb.go:405.34,407.4 1 0
github.com/PaBah/url-shortener.git/proto/server.pb.go:408.3,408.12 1 0
github.com/PaBah/url-shortener.git/proto/server.pb.go:410.2,410.24 1 0
github.com/PaBah/url-shortener.git/proto/server.pb.go:414.60,416.2 1 0
github.com/PaBah/url-shortener.git/proto/server.pb.go:418.51,419.14 1 0
github.com/PaBah/url-shortener.git/proto/server.pb.go:419.14,421.3 1 0
github.com/PaBah/url-shortener.git/proto/server.pb.go:422.2,422.12 1 0
github.com/PaBah/url-shortener.git/proto/server.pb.go:434.41,436.29 2 0
github.com/PaBah/url-shortener.git/proto/server.pb.go:436.29,440.3 3 0
github.com/PaBah/url-shortener.git/proto/server.pb.go:443.49,445.2 1 0
github.com/PaBah/url-shortener.git/proto/server.pb.go:447.47,447.48 0 0
github.com/PaBah/url-shortener.git/proto/server.pb.go:449.69,451.41 2 0
github.com/PaBah/url-shortener.git/proto/server.pb.go:451.41,453.34 2 0
github.com/PaBah/url-shortener.git/proto/server.pb.go:453.34,455.4 1 0
github.com/PaBah/url-shortener.git/proto/server.pb.go:456.3,456.12 1 0
github.com/PaBah/url-shortener.git/proto/server.pb.go:458.2,458.24 1 0
github.com/PaBah/url-shortener.git/proto/server.pb.go:462.60,464.2 1 0
github.com/PaBah/url-shortener.git/proto/server.pb.go:466.59,467.14 1 0
github.com/PaBah/url-shortener.git/proto/server.pb.go:467.14,469.3 1 0
github.com/PaBah/url-shortener.git/proto/server.pb.go:470.2,470.11 1 0
github.com/PaBah/url-shortener.git/proto/server.pb.go:473.57,474.14 1 0
github.com/PaBah/url-shortener.git/proto/server.pb.go:474.14,476.3 1 0
github.com/PaBah/url-shortener.git/proto/server.pb.go:477.2,477.11 1 0
github.com/PaBah/url-shortener.git/proto/server.pb.go:489.37,491.29 2 0
github.com/PaBah/url-shortener.git/proto/server.pb.go:491.29,495.3 3 0
github.com/PaBah/url-shortener.git/proto/server.pb.go:498.45,500.2 1 0
github.com/PaBah/url-shortener.git/proto/server.pb.go:502.43,502.44 0 0
github.com/PaBah/url-shortener.git/proto/server.pb.go:504.65,506.41 2 0
github.com/PaBah/url-shortener.git/proto/server.pb.go:506.41,508.34 2 0
github.com/PaBah/url-shortener.git/proto/server.pb.go:508.34,510.4 1 0
github.com/PaBah/url-shortener.git/proto/server.pb.go:511.3,511.12 1 0
github.com/PaBah/url-shortener.git/proto/server.pb.go:513.2,513.24 1 0
github.com/PaBah/url-shortener.git/proto/server.pb.go:517.56,519.2 1 0
github.com/PaBah/url-shortener.git/proto/server.pb.go:521.48,522.14 1 0
github.com/PaBah/url-shortener.git/proto/server.pb.go:522.14,524.3 1 0
github.com/PaBah/url-shortener.git/proto/server.pb.go:525.2,525.11 1 0
github.com/PaBah/url-shortener.git/proto/server.pb.go:528.68,529.14 1 0
github.com/PaBah/url-shortener.git/proto/server.pb.go:529.14,531.3 1 0
github.com/PaBah/url-shortener.git/proto/server.pb.go:532.2,532.12 1 0
github.com/PaBah/url-shortener.git/proto/server.pb.go:544.38,546.29 2 0
github.com/PaBah/url-shortener.git/proto/server.pb.go:546.29,550.3 3 0
github.com/PaBah/url-shortener.git/proto/server.pb.go:553.46,555.2 1 0
github.com/PaBah/url-shortener.git/proto/server.pb.go:557.44,557.45 0 0
github.com/PaBah/url-shortener.git/proto/server.pb.go:559.66,561.41 2 0
github.com/PaBah/url-shortener.git/proto/server.pb.go:561.41,563.34 2 0
github.com/PaBah/url-shortener.git/proto/server.pb.go:563.34,565.4 1 0
github.com/PaBah/url-shortener.git/proto/server.pb.go:566.3,566.12 1 0
github.com/PaBah/url-shortener.git/proto/server.pb.go:568.2,568.24 1 0
github.com/PaBah/url-shortener.git/proto/server.pb.go:572.57,574.2 1 0
github.com/PaBah/url-shortener.git/proto/server.pb.go:576.56,577.14 1 0
github.com/PaBah/url-shortener.git/proto/server.pb.go:577.14,579.3 1 0
github.com/PaBah/url-shortener.git/proto/server.pb.go:580.2,580.11 1 0
github.com/PaBah/url-shortener.git/proto/server.pb.go:583.51,584.14 1 0
github.com/PaBah/url-shortener.git/proto/server.pb.go:584.14,586.3 1 0
github.com/PaBah/url-shortener.git/proto/server.pb.go:587.2,587.11 1 0
github.com/PaBah/url-shortener.git/proto/server.pb.go:598.38,600.29 2 0
github.com/PaBah/url-shortener.git/proto/server.pb.go:600.29,604.3 3 0
github.com/PaBah/url-shortener.git/proto/server.pb.go:607.46,609.2 1 0
github.com/PaBah/url-shortener.git/proto/server.pb.go:611.44,611.45 0 0
github.com/PaBah/url-shortener.git/proto/server.pb.go:613.66,615.41 2 0
github.com/PaBah/url-shortener.git/proto/server.pb.go:615.41,617.34 2 0
github.com/PaBah/url-shortener.git/proto/server.pb.go:617.34,619.4 1 0
github.com/PaBah/url-shortener.git/proto/server.pb.go:620.3,620.12 1 0
github.com/PaBah/url-shortener.git/proto/server.pb.go:622.2,622.24 1 0
github.com/PaBah/url-shortener.git/proto/server.pb.go:626.57,628.2 1 0
github.com/PaBah/url-shortener.git/proto/server.pb.go:630.63,631.14 1 0
github.com/PaBah/url-shortener.git/proto/server.pb.go:631.14,633.3 1 0
github.com/PaBah/url-shortener.git/proto/server.pb.go:634.2,634.12 1 0
github.com/PaBah/url-shortener.git/proto/server.pb.go:646.33,648.29 2 0
github.com/PaBah/url-shortener.git/proto/server.pb.go:648.29,652.3 3 0
github.com/PaBah/url-shortener.git/proto/server.pb.go:655.41,657.2 1 0
github.com/PaBah/url-shortener.git/proto/server.pb.go:659.39,659.40 0 0
github.com/PaBah/url-shortener.git/proto/server.pb.go:661.61,663.41 2 0
github.com/PaBah/url-shortener.git/proto/server.pb.go:663.41,665.34 2 0
github.com/PaBah/url-shortener.git/proto/server.pb.go:665.34,667.4 1 0
github.com/PaBah/url-shortener.git/proto/server.pb.go:668.3,668.12 1 0
github.com/PaBah/url-shortener.git/proto/server.pb.go:670.2,670.24 1 0
github.com/PaBah/url-shortener.git/proto/server.pb.go:674.52,676.2 1 0
github.com/PaBah/url-shortener.git/proto/server.pb.go:678.41,679.14 1 0
github.com/PaBah/url-shortener.git/proto/server.pb.go:679.14,681.3 1 0
github.com/PaBah/url-shortener.git/proto/server.pb.go:682.2,682.10 1 0
github.com/PaBah/url-shortener.git/proto/server.pb.go:685.42,686.14 1 0
github.com/PaBah/url-shortener.git/proto/server.pb.go:686.14,688.3 1 0
github.com/PaBah/url-shortener.git/proto/server.pb.go:689.2,689.10 1 0
github.com/PaBah/url-shortener.git/proto/server.pb.go:787.51,788.48 1 0
github.com/PaBah/url-shortener.git/proto/server.pb.go:788.48,790.3 1 0
github.com/PaBah/url-shortener.git/proto/server.pb.go:791.2,791.44 1 0
github.com/PaBah/url-shortener.git/proto/server.pb.go:834.13,834.47 1 1
github.com/PaBah/url-shortener.git/proto/server.pb.go:835.37,836.36 1 1
github.com/PaBah/url-shortener.git/proto/server.pb.go:836.36,838.3 1 0
github.com/PaBah/url-shortener.git/proto/server.pb.go:839.2,839.30 1 1
github.com/PaBah/url-shortener.git/proto/server.pb.go:839.30,840.73 1 0
github.com/PaBah/url-shortener.git/proto/server.pb.go:840.73,841.37 1 0
github.com/PaBah/url-shortener.git/proto/server.pb.go:842.11,843.20 1 0
github.com/PaBah/url-shortener.git/proto/server.pb.go:844.11,845.24 1 0
github.com/PaBah/url-shortener.git/proto/server.pb.go:846.11,847.28 1 0
github.com/PaBah/url-shortener.git/proto/server.pb.go:848.12,849.15 1 0
github.com/PaBah/url-shortener.git/proto/server.pb.go:852.3,852.73 1 0
github.com/PaBah/url-shortener.git/proto/server.pb.go:852.73,853.38 1 0
github.com/PaBah/url-shortener.git/proto/server.pb.go:854.11,855.20 1 0
github.com/PaBah/url-shortener.git/proto/server.pb.go:856.11,857.24 1 0
github.com/PaBah/url-shortener.git/proto/server.pb.go:858.11,859.28 1 0
github.com/PaBah/url-shortener.git/proto/server.pb.go:860.12,861.15 1 0
github.com/PaBah/url-shortener.git/proto/server.pb.go:864.3,864.73 1 0
github.com/PaBah/url-shortener.git/proto/server.pb.go:864.73,865.38 1 0
github.com/PaBah/url-shortener.git/proto/server.pb.go:866.11,867.20 1 0
github.com/PaBah/url-shortener.git/proto/server.pb.go:868.11,869.24 1 0
github.com/PaBah/url-shortener.git/proto/server.pb.go:870.11,871.28 1 0
github.com/PaBah/url-shortener.git/proto/server.pb.go:872.12,873.15 1 0
github.com/PaBah/url-shortener.git/proto/server.pb.go:876.3,876.73 1 0
github.com/PaBah/url-shortener.git/proto/server.pb.go:876.73,877.39 1 0
github.com/PaBah/url-shortener.git/proto/server.pb.go:878.11,879.20 1 0
github.com/PaBah/url-shortener.git/proto/server.pb.go:880.11,881.24 1 0
github.com/PaBah/url-shortener.git/proto/server.pb.go:882.11,883.28 1 0
github.com/PaBah/url-shortener.git/proto/server.pb.go:884.12,885.15 1 0
github.com/PaBah/url-shortener.git/proto/server.pb.go:888.3,888.73 1 0
github.com/PaBah/url-shortener.git/proto/server.pb.go:888.73,889.38 1 0
github.com/PaBah/url-shortener.git/proto/server.pb.go:890.11,891.20 1 0
github.com/PaBah/url-shortener.git/proto/server.pb.go:892.11,893.24 1 0
github.com/PaBah/url-shortener.git/proto/server.pb.go:894.11,895.28 1 0
github.com/PaBah/url-shortener.git/proto/server.pb.go:896.12,897.15 1 0
github.com/PaBah/url-shortener.git/proto/server.pb.go:900.3,900.73 1 0
github.com/PaBah/url-shortener.git/proto/server.pb.go:900.73,901.45 1 0
github.com/PaBah/url-shortener.git/proto/server.pb.go:902.11,903.20 1 0
github.com/PaBah/url-shortener.git/proto/server.pb.go:904.11,905.24 1 0
github.com/PaBah/url-shortener.git/proto/server.pb.go:906.11,907.28 1 0
github.com/PaBah/url-shortener.git/proto/server.pb.go:908.12,909.15 1 0
github.com/PaBah/url-shortener.git/proto/server.pb.go:912.3,912.73 1 0
github.com/PaBah/url-shortener.git/proto/server.pb.go:912.73,913.29 1 0
github.com/PaBah/url-shortener.git/proto/server.pb.go:914.11,915.20 1 0
github.com/PaBah/url-shortener.git/proto/server.pb.go:916.11,917.24 1 0
github.com/PaBah/url-shortener.git/proto/server.pb.go:918.11,919.28 1 0
github.com/PaBah/url-shortener.git/proto/server.pb.go:920.12,921.15 1 0
github.com/PaBah/url-shortener.git/proto/server.pb.go:924.3,924.73 1 0
github.com/PaBah/url-shortener.git/proto/server.pb.go:924.73,925.46 1 0
github.com/PaBah/url-shortener.git/proto/server.pb.go:926.11,927.20 1 0
github.com/PaBah/url-shortener.git/proto/server.pb.go:928.11,929.24 1 0
github.com/PaBah/url-shortener.git/proto/server.pb.go:930.11,931.28 1 0
github.com/PaBah/url-shortener.git/proto/server.pb.go:932.12,933.15 1 0
github.com/PaBah/url-shortener.git/proto/server.pb.go:936.3,936.73 1 0
github.com/PaBah/url-shortener.git/proto/server.pb.go:936.73,937.46 1 0
github.com/PaBah/url-shortener.git/proto/server.pb.go:938.11,939.20 1 0
github.com/PaBah/url-shortener.git/proto/server.pb.go:940.11,941.24 1 0
github.com/PaBah/url-shortener.git/proto/server.pb.go:942.11,943.28 1 0
github.com/PaBah/url-shortener.git/proto/server.pb.go:944.12,945.15 1 0
github.com/PaBah/url-shortener.git/proto/server.pb.go:948.3,948.73 1 0
github.com/PaBah/url-shortener.git/proto/server.pb.go:948.73,949.42 1 0
github.com/PaBah/url-shortener.git/proto/server.pb.go:950.11,951.20 1 0
github.com/PaBah/url-shortener.git/proto/server.pb.go:952.11,953.24 1 0
github.com/PaBah/url-shortener.git/proto/server.pb.go:954.11,955.28 1 0
github.com/PaBah/url-shortener.git/proto/server.pb.go:956.12,957.15 1 0
github.com/PaBah/url-shortener.git/proto/server.pb.go:960.3,960.74 1 0
github.com/PaBah/url-shortener.git/proto/server.pb.go:960.74,961.43 1 0
github.com/PaBah/url-shortener.git/proto/server.pb.go:962.11,963.20 1 0
github.com/PaBah/url-shortener.git/proto/server.pb.go:964.11,965.24 1 0
github.com/PaBah/url-shortener.git/proto/server.pb.go:966.11,967.28 1 0
github.com/PaBah/url-shortener.git/proto/server.pb.go:968.12,969.15 1 0
github.com/PaBah/url-shortener.git/proto/server.pb.go:972.3,972.74 1 0
github.com/PaBah/url-shortener.git/proto/server.pb.go:972.74,973.43 1 0
github.com/PaBah/url-shortener.git/proto/server.pb.go:974.11,975.20 1 0
github.com/PaBah/url-shortener.git/proto/server.pb.go:976.11,977.24 1 0
github.com/PaBah/url-shortener.git/proto/server.pb.go:978.11,979.28 1 0
github.com/PaBah/url-shortener.git/proto/server.pb.go:980.12,981.15 1 0
github.com/PaBah/url-shortener.git/proto/server.pb.go:984.3,984.74 1 0
github.com/PaBah/url-shortener.git/proto/server.pb.go:984.74,985.38 1 0
github.com/PaBah/url-shortener.git/proto/server.pb.go:986.11,987.20 1 0
github.com/PaBah/url-shortener.git/proto/server.pb.go:988.11,989.24 1 0
github.com/PaBah/url-shortener.git/proto/server.pb.go:990.11,991.28 1 0
github.com/PaBah/url-shortener.git/proto/server.pb.go:992.12,993.15 1 0
github.com/PaBah/url-shortener.git/proto/server.pb.go:997.2,1014.39 6 1
github.com/PaBah/url-shortener.git/proto/server_grpc.pb.go:47.70,49.2 1 0
github.com/PaBah/url-shortener.git/proto/server_grpc.pb.go:51.121,54.16 3 0
github.com/PaBah/url-shortener.git/proto/server_grpc.pb.go:54.16,56.3 1 0
github.com/PaBah/url-shortener.git/proto/server_grpc.pb.go:57.2,57.17 1 0
github.com/PaBah/url-shortener.git/proto/server_grpc.pb.go:60.124,63.16 3 0
github.com/PaBah/url-shortener.git/proto/server_grpc.pb.go:63.16,65.3 1 0
github.com/PaBah/url-shortener.git/proto/server_grpc.pb.go:66.2,66.17 1 0
github.com/PaBah/url-shortener.git/proto/server_grpc.pb.go:69.123,72.16 3 0
github.com/PaBah/url-shortener.git/proto/server_grpc.pb.go:72.16,74.3 1 0
github.com/PaBah/url-shortener.git/proto/server_grpc.pb.go:75.2,75.17 1 0
github.com/PaBah/url-shortener.git/proto/server_grpc.pb.go:78.145,81.16 3 0
github.com/PaBah/url-shortener.git/proto/server_grpc.pb.go:81.16,83.3 1 0
github.com/PaBah/url-shortener.git/proto/server_grpc.pb.go:84.2,84.17 1 0
github.com/PaBah/url-shortener.git/proto/server_grpc.pb.go:87.136,90.16 3 0
github.com/PaBah/url-shortener.git/proto/server_grpc.pb.go:90.16,92.3 1 0
github.com/PaBah/url-shortener.git/proto/server_grpc.pb.go:93.2,93.17 1 0
github.com/PaBah/url-shortener.git/proto/server_grpc.pb.go:96.122,99.16 3 0
github.com/PaBah/url-shortener.git/proto/server_grpc.pb.go:99.16,101.3 1 0
github.com/PaBah/url-shortener.git/proto/server_grpc.pb.go:102.2,102.17 1 0
github.com/PaBah/url-shortener.git/proto/server_grpc.pb.go:125.99,127.2 1 0
github.com/PaBah/url-shortener.git/proto/server_grpc.pb.go:128.102,130.2 1 0
github.com/PaBah/url-shortener.git/proto/server_grpc.pb.go:131.101,133.2 1 0
github.com/PaBah/url-shortener.git/proto/server_grpc.pb.go:134.123,136.2 1 0
github.com/PaBah/url-shortener.git/proto/server_grpc.pb.go:137.114,139.2 1 0
github.com/PaBah/url-shortener.git/proto/server_grpc.pb.go:140.100,142.2 1 0
github.com/PaBah/url-shortener.git/proto/server_grpc.pb.go:143.78,143.79 0 0
github.com/PaBah/url-shortener.git/proto/server_grpc.pb.go:144.78,144.79 0 0
github.com/PaBah/url-shortener.git/proto/server_grpc.pb.go:153.76,158.59 1 0
github.com/PaBah/url-shortener.git/proto/server_grpc.pb.go:158.59,160.3 1 0
github.com/PaBah/url-shortener.git/proto/server_grpc.pb.go:161.2,161.48 1 0
github.com/PaBah/url-shortener.git/proto/server_grpc.pb.go:164.160,166.32 2 0
github.com/PaBah/url-shortener.git/proto/server_grpc.pb.go:166.32,168.3 1 0
github.com/PaBah/url-shortener.git/proto/server_grpc.pb.go:169.2,169.24 1 0
github.com/PaBah/url-shortener.git/proto/server_grpc.pb.go:169.24,171.3 1 0
github.com/PaBah/url-shortener.git/proto/server_grpc.pb.go:172.2,176.77 2 0
github.com/PaBah/url-shortener.git/proto/server_grpc.pb.go:176.77,178.3 1 0
github.com/PaBah/url-shortener.git/proto/server_grpc.pb.go:179.2,179.44 1 0
github.com/PaBah/url-shortener.git/proto/server_grpc.pb.go:182.161,184.32 2 0
github.com/PaBah/url-shortener.git/proto/server_grpc.pb.go:184.32,186.3 1 0
github.com/PaBah/url-shortener.git/proto/server_grpc.pb.go:187.2,187.24 1 0
github.com/PaBah/url-shortener.git/proto/server_grpc.pb.go:187.24,189.3 1 0
github.com/PaBah/url-shortener.git/proto/server_grpc.pb.go:190.2,194.77 2 0
github.com/PaBah/url-shortener.git/proto/server_grpc.pb.go:194.77,196.3 1 0
github.com/PaBah/url-shortener.git/proto/server_grpc.pb.go:197.2,197.44 1 0
github.com/PaBah/url-shortener.git/proto/server_grpc.pb.go:200.161,202.32 2 0
github.com/PaBah/url-shortener.git/proto/server_grpc.pb.go:202.32,204.3 1 0
github.com/PaBah/url-shortener.git/proto/server_grpc.pb.go:205.2,205.24 1 0
github.com/PaBah/url-shortener.git/proto/server_grpc.pb.go:205.24,207.3 1 0
github.com/PaBah/url-shortener.git/proto/server_grpc.pb.go:208.2,212.77 2 0
github.com/PaBah/url-shortener.git/proto/server_grpc.pb.go:212.77,214.3 1 0
github.com/PaBah/url-shortener.git/proto/server_grpc.pb.go:215.2,215.44 1 0
github.com/PaBah/url-shortener.git/proto/server_grpc.pb.go:218.168,220.32 2 0
github.com/PaBah/url-shortener.git/proto/server_grpc.pb.go:220.32,222.3 1 0
github.com/PaBah/url-shortener.git/proto/server_grpc.pb.go:223.2,223.24 1 0
github.com/PaBah/url-shortener.git/proto/server_grpc.pb.go:223.24,225.3 1 0
github.com/PaBah/url-shortener.git/proto/server_grpc.pb.go:226.2,230.77 2 0
github.com/PaBah/url-shortener.git/proto/server_grpc.pb.go:230.77,232.3 1 0
github.com/PaBah/url-shortener.git/proto/server_grpc.pb.go:233.2,233.44 1 0
github.com/PaBah/url-shortener.git/proto/server_grpc.pb.go:236.165,238.32 2 0
github.com/PaBah/url-shortener.git/proto/server_grpc.pb.go:238.32,240.3 1 0
github.com/PaBah/url-shortener.git/proto/server_grpc.pb.go:241.2,241.24 1 0
github.com/PaBah/url-shortener.git/proto/server_grpc.pb.go:241.24,243.3 1 0
github.com/PaBah/url-shortener.git/proto/server_grpc.pb.go:244.2,248.77 2 0
github.com/PaBah/url-shortener.git/proto/server_grpc.pb.go:248.77,250.3 1 0
github.com/PaBah/url-shortener.git/proto/server_grpc.pb.go:251.2,251.44 1 0
github.com/PaBah/url-shortener.git/proto/server_grpc.pb.go:254.160,256.32 2 0
github.com/PaBah/url-shortener.git/proto/server_grpc.pb.go:256.32,258.3 1 0
github.com/PaBah/url-shortener.git/proto/server_grpc.pb.go:259.2,259.24 1 0
github.com/PaBah/url-shortener.git/proto/server_grpc.pb.go:259.24,261.3 1 0
github.com/PaBah/url-shortener.git/proto/server_grpc.pb.go:262.2,266.77 2 0
github.com/PaBah/url-shortener.git/proto/server_grpc.pb.go:266.77,268.3 1 0
github.com/PaBah/url-shortener.git/proto/server_grpc.pb.go:269.2,269.44 1 0
github.com/PaBah/url-shortener.git/internal/mock/handler_mock.go:9.75,10.58 1 0
github.com/PaBah/url-shortener.git/internal/mock/handler_mock.go:10.58,15.3 4 0
github.com/PaBah/url-shortener.git/internal/mock/storage_mock.go:27.65,31.2 3 0
github.com/PaBah/url-shortener.git/internal/mock/storage_mock.go:34.63,36.2 1 0
github.com/PaBah/url-shortener.git/internal/mock/storage_mock.go:39.96,44.2 4 0
github.com/PaBah/url-shortener.git/internal/mock/storage_mock.go:47.103,50.2 2 0
github.com/PaBah/url-shortener.git/internal/mock/storage_mock.go:53.89,58.2 4 0
github.com/PaBah/url-shortener.git/internal/mock/storage_mock.go:61.96,64.2 2 0
github.com/PaBah/url-shortener.git/internal/mock/storage_mock.go:67.94,73.2 5 0
github.com/PaBah/url-shortener.git/internal/mock/storage_mock.go:76.82,79.2 2 0
github.com/PaBah/url-shortener.git/internal/mock/storage_mock.go:82.88,88.2 5 0
github.com/PaBah/url-shortener.git/internal/mock/storage_mock.go:91.81,94.2 2 0
github.com/PaBah/url-shortener.git/internal/mock/storage_mock.go:97.74,104.2 6 0
github.com/PaBah/url-shortener.git/internal/mock/storage_mock.go:107.78,110.2 2 0
github.com/PaBah/url-shortener.git/internal/mock/storage_mock.go:113.87,118.2 4 0
github.com/PaBah/url-shortener.git/internal/mock/storage_mock.go:121.85,124.2 2 0
github.com/PaBah/url-shortener.git/internal/mock/storage_mock.go:127.107,132.2 4 0
github.com/PaBah/url-shortener.git/internal/mock/storage_mock.go:135.94,138.2 2 0
github.com/PaBah/url-shortener.git/cmd/staticlint/main.go:53.52,56.42 2 1
github.com/PaBah/url-shortener.git/cmd/staticlint/main.go:56.42,57.64 1 90
github.com/PaBah/url-shortener.git/cmd/staticlint/main.go:57.64,59.4 1 90
github.com/PaBah/url-shortener.git/cmd/staticlint/main.go:62.2,62.37 1 1
github.com/PaBah/url-shortener.git/cmd/staticlint/main.go:62.37,63.33 1 35
github.com/PaBah/url-shortener.git/cmd/staticlint/main.go:63.33,65.4 1 1
github.com/PaBah/url-shortener.git/cmd/staticlint/main.go:68.2,114.17 2 1
github.com/PaBah/url-shortener.git/cmd/staticlint/main.go:117.13,119.2 1 0
github.com/PaBah/url-shortener.git/internal/auth/authorized_middleware.go:9.59,10.71 1 2
github.com/PaBah/url-shortener.git/internal/auth/authorized_middleware.go:10.71,13.64 2 2
github.com/PaBah/url-shortener.git/internal/auth/authorized_middleware.go:13.64,16.4 2 1
github.com/PaBah/url-shortener.git/internal/auth/authorized_middleware.go:18.3,20.19 2 1
github.com/PaBah/url-shortener.git/internal/auth/authorized_middleware.go:20.19,23.4 2 0
github.com/PaBah/url-shortener.git/internal/auth/authorized_middleware.go:25.3,27.40 2 1
github.com/PaBah/url-shortener.git/internal/auth/jwt_service.go:28.52,39.2 3 2
github.com/PaBah/url-shortener.git/internal/auth/jwt_service.go:42.43,45.43 2 3
github.com/PaBah/url-shortener.git/internal/auth/jwt_service.go:45.43,46.55 1 2
github.com/PaBah/url-shortener.git/internal/auth/jwt_service.go:46.55,48.5 1 0
github.com/PaBah/url-shortener.git/internal/auth/jwt_service.go:49.4,49.33 1 2
github.com/PaBah/url-shortener.git/internal/auth/jwt_service.go:51.2,51.16 1 3
github.com/PaBah/url-shortener.git/internal/auth/jwt_service.go:51.16,53.3 1 1
github.com/PaBah/url-shortener.git/internal/auth/jwt_service.go:55.2,55.18 1 2
github.com/PaBah/url-shortener.git/internal/auth/jwt_service.go:55.18,58.3 2 0
github.com/PaBah/url-shortener.git/internal/auth/jwt_service.go:60.2,60.22 1 2
github.com/PaBah/url-shortener.git/internal/auth/public_auth_middleware.go:19.68,20.71 1 1
github.com/PaBah/url-shortener.git/internal/auth/public_auth_middleware.go:20.71,24.38 3 1
github.com/PaBah/url-shortener.git/internal/auth/public_auth_middleware.go:24.38,27.18 3 1
github.com/PaBah/url-shortener.git/internal/auth/public_auth_middleware.go:27.18,30.5 2 0
github.com/PaBah/url-shortener.git/internal/auth/public_auth_middleware.go:31.4,31.75 1 1
github.com/PaBah/url-shortener.git/internal/auth/public_auth_middleware.go:32.9,34.4 1 0
github.com/PaBah/url-shortener.git/internal/auth/public_auth_middleware.go:36.3,37.40 2 1
github.com/PaBah/url-shortener.git/internal/mock/handler_mock.go:9.75,10.58 1 3
github.com/PaBah/url-shortener.git/internal/mock/handler_mock.go:10.58,15.3 4 2
github.com/PaBah/url-shortener.git/internal/mock/storage_mock.go:27.65,31.2 3 0
github.com/PaBah/url-shortener.git/internal/mock/storage_mock.go:34.63,36.2 1 0
github.com/PaBah/url-shortener.git/internal/mock/storage_mock.go:39.96,44.2 4 0
github.com/PaBah/url-shortener.git/internal/mock/storage_mock.go:47.103,50.2 2 0
github.com/PaBah/url-shortener.git/internal/mock/storage_mock.go:53.89,58.2 4 0
github.com/PaBah/url-shortener.git/internal/mock/storage_mock.go:61.96,64.2 2 0
github.com/PaBah/url-shortener.git/internal/mock/storage_mock.go:67.94,73.2 5 0
github.com/PaBah/url-shortener.git/internal/mock/storage_mock.go:76.82,79.2 2 0
github.com/PaBah/url-shortener.git/internal/mock/storage_mock.go:82.88,88.2 5 0
github.com/PaBah/url-shortener.git/internal/mock/storage_mock.go:91.81,94.2 2 0
github.com/PaBah/url-shortener.git/internal/mock/storage_mock.go:97.74,104.2 6 0
github.com/PaBah/url-shortener.git/internal/mock/storage_mock.go:107.78,110.2 2 0
github.com/PaBah/url-shortener.git/internal/mock/storage_mock.go:113.87,118.2 4 0
github.com/PaBah/url-shortener.git/internal/mock/storage_mock.go:121.85,124.2 2 0
github.com/PaBah/url-shortener.git/internal/mock/storage_mock.go:127.107,132.2 4 0
github.com/PaBah/url-shortener.git/internal/mock/storage_mock.go:135.94,138.2 2 0
github.com/PaBah/url-shortener.git/proto/server.pb.go:34.32,36.29 2 0
github.com/PaBah/url-shortener.git/proto/server.pb.go:36.29,40.3 3 0
github.com/PaBah/url-shortener.git/proto/server.pb.go:43.40,45.2 1 0
github.com/PaBah/url-shortener.git/proto/server.pb.go:47.38,47.39 0 0
github.com/PaBah/url-shortener.git/proto/server.pb.go:49.60,51.41 2 0
github.com/PaBah/url-shortener.git/proto/server.pb.go:51.41,53.34 2 0
github.com/PaBah/url-shortener.git/proto/server.pb.go:53.34,55.4 1 0
github.com/PaBah/url-shortener.git/proto/server.pb.go:56.3,56.12 1 0
github.com/PaBah/url-shortener.git/proto/server.pb.go:58.2,58.24 1 0
github.com/PaBah/url-shortener.git/proto/server.pb.go:62.51,64.2 1 0
github.com/PaBah/url-shortener.git/proto/server.pb.go:66.43,67.14 1 0
github.com/PaBah/url-shortener.git/proto/server.pb.go:67.14,69.3 1 0
github.com/PaBah/url-shortener.git/proto/server.pb.go:70.2,70.11 1 0
github.com/PaBah/url-shortener.git/proto/server.pb.go:73.40,74.14 1 0
github.com/PaBah/url-shortener.git/proto/server.pb.go:74.14,76.3 1 0
github.com/PaBah/url-shortener.git/proto/server.pb.go:77.2,77.11 1 0
github.com/PaBah/url-shortener.git/proto/server.pb.go:88.33,90.29 2 0
github.com/PaBah/url-shortener.git/proto/server.pb.go:90.29,94.3 3 0
github.com/PaBah/url-shortener.git/proto/server.pb.go:97.41,99.2 1 0
github.com/PaBah/url-shortener.git/proto/server.pb.go:101.39,101.40 0 0
github.com/PaBah/url-shortener.git/proto/server.pb.go:103.61,105.41 2 0
github.com/PaBah/url-shortener.git/proto/server.pb.go:105.41,107.34 2 0
github.com/PaBah/url-shortener.git/proto/server.pb.go:107.34,109.4 1 0
github.com/PaBah/url-shortener.git/proto/server.pb.go:110.3,110.12 1 0
github.com/PaBah/url-shortener.git/proto/server.pb.go:112.2,112.24 1 0
github.com/PaBah/url-shortener.git/proto/server.pb.go:116.52,118.2 1 0
github.com/PaBah/url-shortener.git/proto/server.pb.go:120.44,121.14 1 0
github.com/PaBah/url-shortener.git/proto/server.pb.go:121.14,123.3 1 0
github.com/PaBah/url-shortener.git/proto/server.pb.go:124.2,124.11 1 0
github.com/PaBah/url-shortener.git/proto/server.pb.go:135.33,137.29 2 0
github.com/PaBah/url-shortener.git/proto/server.pb.go:137.29,141.3 3 0
github.com/PaBah/url-shortener.git/proto/server.pb.go:144.41,146.2 1 0
github.com/PaBah/url-shortener.git/proto/server.pb.go:148.39,148.40 0 0
github.com/PaBah/url-shortener.git/proto/server.pb.go:150.61,152.41 2 0
github.com/PaBah/url-shortener.git/proto/server.pb.go:152.41,154.34 2 0
github.com/PaBah/url-shortener.git/proto/server.pb.go:154.34,156.4 1 0
github.com/PaBah/url-shortener.git/proto/server.pb.go:157.3,157.12 1 0
github.com/PaBah/url-shortener.git/proto/server.pb.go:159.2,159.24 1 0
github.com/PaBah/url-shortener.git/proto/server.pb.go:163.52,165.2 1 0
github.com/PaBah/url-shortener.git/proto/server.pb.go:167.45,168.14 1 0
github.com/PaBah/url-shortener.git/proto/server.pb.go:168.14,170.3 1 0
github.com/PaBah/url-shortener.git/proto/server.pb.go:171.2,171.11 1 0
github.com/PaBah/url-shortener.git/proto/server.pb.go:182.34,184.29 2 0
github.com/PaBah/url-shortener.git/proto/server.pb.go:184.29,188.3 3 0
github.com/PaBah/url-shortener.git/proto/server.pb.go:191.42,193.2 1 0
github.com/PaBah/url-shortener.git/proto/server.pb.go:195.40,195.41 0 0
github.com/PaBah/url-shortener.git/proto/server.pb.go:197.62,199.41 2 0
github.com/PaBah/url-shortener.git/proto/server.pb.go:199.41,201.34 2 0
github.com/PaBah/url-shortener.git/proto/server.pb.go:201.34,203.4 1 0
github.com/PaBah/url-shortener.git/proto/server.pb.go:204.3,204.12 1 0
github.com/PaBah/url-shortener.git/proto/server.pb.go:206.2,206.24 1 0
github.com/PaBah/url-shortener.git/proto/server.pb.go:210.53,212.2 1 0
github.com/PaBah/url-shortener.git/proto/server.pb.go:214.42,215.14 1 0
github.com/PaBah/url-shortener.git/proto/server.pb.go:215.14,217.3 1 0
github.com/PaBah/url-shortener.git/proto/server.pb.go:218.2,218.11 1 0
github.com/PaBah/url-shortener.git/proto/server.pb.go:230.33,232.29 2 0
github.com/PaBah/url-shortener.git/proto/server.pb.go:232.29,236.3 3 0
github.com/PaBah/url-shortener.git/proto/server.pb.go:239.41,241.2 1 0
github.com/PaBah/url-shortener.git/proto/server.pb.go:243.39,243.40 0 0
github.com/PaBah/url-shortener.git/proto/server.pb.go:245.61,247.41 2 0
github.com/PaBah/url-shortener.git/proto/server.pb.go:247.41,249.34 2 0
github.com/PaBah/url-shortener.git/proto/server.pb.go:249.34,251.4 1 0
github.com/PaBah/url-shortener.git/proto/server.pb.go:252.3,252.12 1 0
github.com/PaBah/url-shortener.git/proto/server.pb.go:254.2,254.24 1 0
github.com/PaBah/url-shortener.git/proto/server.pb.go:258.52,260.2 1 0
github.com/PaBah/url-shortener.git/proto/server.pb.go:262.44,263.14 1 0
github.com/PaBah/url-shortener.git/proto/server.pb.go:263.14,265.3 1 0
github.com/PaBah/url-shortener.git/proto/server.pb.go:266.2,266.11 1 0
github.com/PaBah/url-shortener.git/proto/server.pb.go:269.42,270.14 1 0
github.com/PaBah/url-shortener.git/proto/server.pb.go:270.14,272.3 1 0
github.com/PaBah/url-shortener.git/proto/server.pb.go:273.2,273.12 1 0
github.com/PaBah/url-shortener.git/proto/server.pb.go:284.40,286.29 2 0
github.com/PaBah/url-shortener.git/proto/server.pb.go:286.29,290.3 3 0
github.com/PaBah/url-shortener.git/proto/server.pb.go:293.48,295.2 1 0
github.com/PaBah/url-shortener.git/proto/server.pb.go:297.46,297.47 0 0
github.com/PaBah/url-shortener.git/proto/server.pb.go:299.68,301.41 2 0
github.com/PaBah/url-shortener.git/proto/server.pb.go:301.41,303.34 2 0
github.com/PaBah/url-shortener.git/proto/server.pb.go:303.34,305.4 1 0
github.com/PaBah/url-shortener.git/proto/server.pb.go:306.3,306.12 1 0
github.com/PaBah/url-shortener.git/proto/server.pb.go:308.2,308.24 1 0
github.com/PaBah/url-shortener.git/proto/server.pb.go:312.59,314.2 1 0
github.com/PaBah/url-shortener.git/proto/server.pb.go:316.51,317.14 1 0
github.com/PaBah/url-shortener.git/proto/server.pb.go:317.14,319.3 1 0
github.com/PaBah/url-shortener.git/proto/server.pb.go:320.2,320.11 1 0
github.com/PaBah/url-shortener.git/proto/server.pb.go:332.24,334.29 2 0
github.com/PaBah/url-shortener.git/proto/server.pb.go:334.29,338.3 3 0
github.com/PaBah/url-shortener.git/proto/server.pb.go:341.32,343.2 1 0
github.com/PaBah/url-shortener.git/proto/server.pb.go:345.30,345.31 0 0
github.com/PaBah/url-shortener.git/proto/server.pb.go:347.52,349.41 2 0
github.com/PaBah/url-shortener.git/proto/server.pb.go:349.41,351.34 2 0
github.com/PaBah/url-shortener.git/proto/server.pb.go:351.34,353.4 1 0
github.com/PaBah/url-shortener.git/proto/server.pb.go:354.3,354.12 1 0
github.com/PaBah/url-shortener.git/proto/server.pb.go:356.2,356.24 1 0
github.com/PaBah/url-shortener.git/proto/server.pb.go:360.43,362.2 1 0
github.com/PaBah/url-shortener.git/proto/server.pb.go:364.37,365.14 1 0
github.com/PaBah/url-shortener.git/proto/server.pb.go:365.14,367.3 1 0
github.com/PaBah/url-shortener.git/proto/server.pb.go:368.2,368.11 1 0
github.com/PaBah/url-shortener.git/proto/server.pb.go:371.40,372.14 1 0
github.com/PaBah/url-shortener.git/proto/server.pb.go:372.14,374.3 1 0
github.com/PaBah/url-shortener.git/proto/server.pb.go:375.2,375.11 1 0
github.com/PaBah/url-shortener.git/proto/server.pb.go:386.41,388.29 2 0
github.com/PaBah/url-shortener.git/proto/server.pb.go:388.29,392.3 3 0
github.com/PaBah/url-shortener.git/proto/server.pb.go:395.49,397.2 1 0
github.com/PaBah/url-shortener.git/proto/server.pb.go:399.47,399.48 0 0
github.com/PaBah/url-shortener.git/proto/server.pb.go:401.69,403.41 2 0
github.com/PaBah/url-shortener.git/proto/server.pb.go:403.41,405.34 2 0
github.com/PaBah/url-shortener.git/proto/server.pb.go:405.34,407.4 1 0
github.com/PaBah/url-shortener.git/proto/server.pb.go:408.3,408.12 1 0
github.com/PaBah/url-shortener.git/proto/server.pb.go:410.2,410.24 1 0
github.com/PaBah/url-shortener.git/proto/server.pb.go:414.60,416.2 1 0
github.com/PaBah/url-shortener.git/proto/server.pb.go:418.51,419.14 1 0
github.com/PaBah/url-shortener.git/proto/server.pb.go:419.14,421.3 1 0
github.com/PaBah/url-shortener.git/proto/server.pb.go:422.2,422.12 1 0
github.com/PaBah/url-shortener.git/proto/server.pb.go:434.41,436.29 2 0
github.com/PaBah/url-shortener.git/proto/server.pb.go:436.29,440.3 3 0
github.com/PaBah/url-shortener.git/proto/server.pb.go:443.49,445.2 1 0
github.com/PaBah/url-shortener.git/proto/server.pb.go:447.47,447.48 0 0
github.com/PaBah/url-shortener.git/proto/server.pb.go:449.69,451.41 2 0
github.com/PaBah/url-shortener.git/proto/server.pb.go:451.41,453.34 2 0
github.com/PaBah/url-shortener.git/proto/server.pb.go:453.34,455.4 1 0
github.com/PaBah/url-shortener.git/proto/server.pb.go:456.3,456.12 1 0
github.com/PaBah/url-shortener.git/proto/server.pb.go:458.2,458.24 1 0
github.com/PaBah/url-shortener.git/proto/server.pb.go:462.60,464.2 1 0
github.com/PaBah/url-shortener.git/proto/server.pb.go:466.59,467.14 1 0
github.com/PaBah/url-shortener.git/proto/server.pb.go:467.14,469.3 1 0
github.com/PaBah/url-shortener.git/proto/server.pb.go:470.2,470.11 1 0
github.com/PaBah/url-shortener.git/proto/server.pb.go:473.57,474.14 1 0
github.com/PaBah/url-shortener.git/proto/server.pb.go:474.14,476.3 1 0
github.com/PaBah/url-shortener.git/proto/server.pb.go:477.2,477.11 1 0
github.com/PaBah/url-shortener.git/proto/server.pb.go:489.37,491.29 2 0
github.com/PaBah/url-shortener.git/proto/server.pb.go:491.29,495.3 3 0
github.com/PaBah/url-shortener.git/proto/server.pb.go:498.45,500.2 1 0
github.com/PaBah/url-shortener.git/proto/server.pb.go:502.43,502.44 0 0
github.com/PaBah/url-shortener.git/proto/server.pb.go:504.65,506.41 2 0
github.com/PaBah/url-shortener.git/proto/server.pb.go:506.41,508.34 2 0
github.com/PaBah/url-shortener.git/proto/server.pb.go:508.34,510.4 1 0
github.com/PaBah/url-shortener.git/proto/server.pb.go:511.3,511.12 1 0
github.com/PaBah/url-shortener.git/proto/server.pb.go:513.2,513.24 1 0
github.com/PaBah/url-shortener.git/proto/server.pb.go:517.56,519.2 1 0
github.com/PaBah/url-shortener.git/proto/server.pb.go:521.48,522.14 1 0
github.com/PaBah/url-shortener.git/proto/server.pb.go:522.14,524.3 1 0
github.com/PaBah/url-shortener.git/proto/server.pb.go:525.2,525.11 1 0
github.com/PaBah/url-shortener.git/proto/server.pb.go:528.68,529.14 1 0
github.com/PaBah/url-shortener.git/proto/server.pb.go:529.14,531.3 1 0
github.com/PaBah/url-shortener.git/proto/server.pb.go:532.2,532.12 1 0
github.com/PaBah/url-shortener.git/proto/server.pb.go:544.38,546.29 2 0
github.com/PaBah/url-shortener.git/proto/server.pb.go:546.29,550.3 3 0
github.com/PaBah/url-shortener.git/proto/server.pb.go:553.46,555.2 1 0
github.com/PaBah/url-shortener.git/proto/server.pb.go:557.44,557.45 0 0
github.com/PaBah/url-shortener.git/proto/server.pb.go:559.66,561.41 2 0
github.com/PaBah/url-shortener.git/proto/server.pb.go:561.41,563.34 2 0
github.com/PaBah/url-shortener.git/proto/server.pb.go:563.34,565.4 1 0
github.com/PaBah/url-shortener.git/proto/server.pb.go:566.3,566.12 1 0
github.com/PaBah/url-shortener.git/proto/server.pb.go:568.2,568.24 1 0
github.com/PaBah/url-shortener.git/proto/server.pb.go:572.57,574.2 1 0
github.com/PaBah/url-shortener.git/proto/server.pb.go:576.56,577.14 1 0
github.com/PaBah/url-shortener.git/proto/server.pb.go:577.14,579.3 1 0
github.com/PaBah/url-shortener.git/proto/server.pb.go:580.2,580.11 1 0
github.com/PaBah/url-shortener.git/proto/server.pb.go:583.51,584.14 1 0
[...]
github.com/PaBah/url-shortener.git/proto/server_grpc.pb.go:137.114,139.2 1 0
github.com/PaBah/url-shortener.git/proto/server_grpc.pb.go:140.100,142.2 1 0
github.com/PaBah/url-shortener.git/proto/server_grpc.pb.go:143.78,143.79 0 0
github.com/PaBah/url-shortener.git/proto/server_grpc.pb.go:144.78,144.79 0 0
github.com/PaBah/url-shortener.git/proto/server_grpc.pb.go:153.76,158.59 1 0
github.com/PaBah/url-shortener.git/proto/server_grpc.pb.go:158.59,160.3 1 0
github.com/PaBah/url-shortener.git/proto/server_grpc.pb.go:161.2,161.48 1 0
github.com/PaBah/url-shortener.git/proto/server_grpc.pb.go:164.160,166.32 2 0
github.com/PaBah/url-shortener.git/proto/server_grpc.pb.go:166.32,168.3 1 0
github.com/PaBah/url-shortener.git/proto/server_grpc.pb.go:169.2,169.24 1 0
github.com/PaBah/url-shortener.git/proto/server_grpc.pb.go:169.24,171.3 1 0
github.com/PaBah/url-shortener.git/proto/server_grpc.pb.go:172.2,176.77 2 0
github.com/PaBah/url-shortener.git/proto/server_grpc.pb.go:176.77,178.3 1 0
github.com/PaBah/url-shortener.git/proto/server_grpc.pb.go:179.2,179.44 1 0
github.com/PaBah/url-shortener.git/proto/server_grpc.pb.go:182.161,184.32 2 0
github.com/PaBah/url-shortener.git/proto/server_grpc.pb.go:184.32,186.3 1 0
github.com/PaBah/url-shortener.git/proto/server_grpc.pb.go:187.2,187.24 1 0
github.com/PaBah/url-shortener.git/proto/server_grpc.pb.go:187.24,189.3 1 0
github.com/PaBah/url-shortener.git/proto/server_grpc.pb.go:190.2,194.77 2 0
github.com/PaBah/url-shortener.git/proto/server_grpc.pb.go:194.77,196.3 1 0
github.com/PaBah/url-shortener.git/proto/server_grpc.pb.go:197.2,197.44 1 0
github.com/PaBah/url-shortener.git/proto/server_grpc.pb.go:200.161,202.32 2 0
github.com/PaBah/url-shortener.git/proto/server_grpc.pb.go:202.32,204.3 1 0
github.com/PaBah/url-shortener.git/proto/server_grpc.pb.go:205.2,205.24 1 0
github.com/PaBah/url-shortener.git/proto/server_grpc.pb.go:205.24,207.3 1 0
github.com/PaBah/url-shortener.git/proto/server_grpc.pb.go:208.2,212.77 2 0
github.com/PaBah/url-shortener.git/proto/server_grpc.pb.go:212.77,214.3 1 0
github.com/PaBah/url-shortener.git/proto/server_grpc.pb.go:215.2,215.44 1 0
github.com/PaBah/url-shortener.git/proto/server_grpc.pb.go:218.168,220.32 2 0
github.com/PaBah/url-shortener.git/proto/server_grpc.pb.go:220.32,222.3 1 0
github.com/PaBah/url-shortener.git/proto/server_grpc.pb.go:223.2,223.24 1 0
github.com/PaBah/url-shortener.git/proto/server_grpc.pb.go:223.24,225.3 1 0
github.com/PaBah/url-shortener.git/proto/server_grpc.pb.go:226.2,230.77 2 0
github.com/PaBah/url-shortener.git/proto/server_grpc.pb.go:230.77,232.3 1 0
github.com/PaBah/url-shortener.git/proto/server_grpc.pb.go:233.2,233.44 1 0
github.com/PaBah/url-shortener.git/proto/server_grpc.pb.go:236.165,238.32 2 0
github.com/PaBah/url-shortener.git/proto/server_grpc.pb.go:238.32,240.3 1 0
github.com/PaBah/url-shortener.git/proto/server_grpc.pb.go:241.2,241.24 1 0
github.com/PaBah/url-shortener.git/proto/server_grpc.pb.go:241.24,243.3 1 0
github.com/PaBah/url-shortener.git/proto/server_grpc.pb.go:244.2,248.77 2 0
github.com/PaBah/url-shortener.git/proto/server_grpc.pb.go:248.77,250.3 1 0
github.com/PaBah/url-shortener.git/proto/server_grpc.pb.go:251.2,251.44 1 0
github.com/PaBah/url-shortener.git/proto/server_grpc.pb.go:254.160,256.32 2 0
github.com/PaBah/url-shortener.git/proto/server_grpc.pb.go:256.32,258.3 1 0
github.com/PaBah/url-shortener.git/proto/server_grpc.pb.go:259.2,259.24 1 0
github.com/PaBah/url-shortener.git/proto/server_grpc.pb.go:259.24,261.3 1 0
github.com/PaBah/url-shortener.git/proto/server_grpc.pb.go:262.2,266.77 2 0
github.com/PaBah/url-shortener.git/proto/server_grpc.pb.go:266.77,268.3 1 0
github.com/PaBah/url-shortener.git/proto/server_grpc.pb.go:269.2,269.44 1 0
github.com/PaBah/url-shortener.git/internal/async/delete.go:10.65,12.12 2 1
github.com/PaBah/url-shortener.git/internal/async/delete.go:12.12,15.29 3 1
github.com/PaBah/url-shortener.git/internal/async/delete.go:15.29,18.48 2 1
github.com/PaBah/url-shortener.git/internal/async/delete.go:18.48,21.5 2 0
github.com/PaBah/url-shortener.git/internal/async/delete.go:23.3,23.54 1 0
github.com/PaBah/url-shortener.git/internal/async/fans.go:10.102,14.34 3 1
github.com/PaBah/url-shortener.git/internal/async/fans.go:14.34,17.3 2 3
github.com/PaBah/url-shortener.git/internal/async/fans.go:19.2,19.17 1 1
github.com/PaBah/url-shortener.git/internal/async/fans.go:23.58,28.31 3 1
github.com/PaBah/url-shortener.git/internal/async/fans.go:28.31,33.13 3 3
github.com/PaBah/url-shortener.git/internal/async/fans.go:33.13,36.32 2 3
github.com/PaBah/url-shortener.git/internal/async/fans.go:36.32,38.5 1 1
github.com/PaBah/url-shortener.git/internal/async/fans.go:42.2,42.12 1 1
github.com/PaBah/url-shortener.git/internal/async/fans.go:42.12,45.3 2 1
github.com/PaBah/url-shortener.git/internal/async/fans.go:47.2,47.16 1 1
github.com/PaBah/url-shortener.git/internal/async/generators.go:6.73,9.12 2 1
github.com/PaBah/url-shortener.git/internal/async/generators.go:9.12,12.30 2 1
github.com/PaBah/url-shortener.git/internal/async/generators.go:12.30,14.4 1 1
github.com/PaBah/url-shortener.git/internal/async/generators.go:17.2,17.16 1 1
github.com/PaBah/url-shortener.git/internal/logger/logger.go:23.62,27.2 3 1
github.com/PaBah/url-shortener.git/internal/logger/logger.go:30.61,33.2 2 1
github.com/PaBah/url-shortener.git/internal/logger/logger.go:36.24,38.2 1 1
github.com/PaBah/url-shortener.git/internal/logger/logger.go:41.37,43.16 2 1
github.com/PaBah/url-shortener.git/internal/logger/logger.go:43.16,45.3 1 0
github.com/PaBah/url-shortener.git/internal/logger/logger.go:46.2,49.16 4 1
github.com/PaBah/url-shortener.git/internal/logger/logger.go:49.16,51.3 1 0
github.com/PaBah/url-shortener.git/internal/logger/logger.go:52.2,53.12 2 1
github.com/PaBah/url-shortener.git/internal/logger/logger.go:57.52,58.71 1 1
github.com/PaBah/url-shortener.git/internal/logger/logger.go:58.71,81.3 6 1
github.com/PaBah/url-shortener.git/internal/mock/handler_mock.go:9.75,10.58 1 1
github.com/PaBah/url-shortener.git/internal/mock/handler_mock.go:10.58,15.3 4 1
github.com/PaBah/url-shortener.git/internal/mock/storage_mock.go:27.65,31.2 3 0
github.com/PaBah/url-shortener.git/internal/mock/storage_mock.go:34.63,36.2 1 0
github.com/PaBah/url-shortener.git/internal/mock/storage_mock.go:39.96,44.2 4 0
github.com/PaBah/url-shortener.git/internal/mock/storage_mock.go:47.103,50.2 2 0
github.com/PaBah/url-shortener.git/internal/mock/storage_mock.go:53.89,58.2 4 0
github.com/PaBah/url-shortener.git/internal/mock/storage_mock.go:61.96,64.2 2 0
github.com/PaBah/url-shortener.git/internal/mock/storage_mock.go:67.94,73.2 5 0
github.com/PaBah/url-shortener.git/internal/mock/storage_mock.go:76.82,79.2 2 0
github.com/PaBah/url-shortener.git/internal/mock/storage_mock.go:82.88,88.2 5 0
github.com/PaBah/url-shortener.git/internal/mock/storage_mock.go:91.81,94.2 2 0
github.com/PaBah/url-shortener.git/internal/mock/storage_mock.go:97.74,104.2 6 0
github.com/PaBah/url-shortener.git/internal/mock/storage_mock.go:107.78,110.2 2 0
github.com/PaBah/url-shortener.git/internal/mock/storage_mock.go:113.87,118.2 4 0
github.com/PaBah/url-shortener.git/internal/mock/storage_mock.go:121.85,124.2 2 0
github.com/PaBah/url-shortener.git/internal/mock/storage_mock.go:127.107,132.2 4 0
github.com/PaBah/url-shortener.git/internal/mock/storage_mock.go:135.94,138.2 2 0
github.com/PaBah/url-shortener.git/internal/middlewares/gzip.go:17.63,22.2 1 1
github.com/PaBah/url-shortener.git/internal/middlewares/gzip.go:25.47,27.2 1 2
github.com/PaBah/url-shortener.git/internal/middlewares/gzip.go:30.55,32.16 2 1
github.com/PaBah/url-shortener.git/internal/middlewares/gzip.go:32.16,34.3 1 1
github.com/PaBah/url-shortener.git/internal/middlewares/gzip.go:35.2,35.21 1 1
github.com/PaBah/url-shortener.git/internal/middlewares/gzip.go:39.54,40.22 1 1
github.com/PaBah/url-shortener.git/internal/middlewares/gzip.go:40.22,42.3 1 1
github.com/PaBah/url-shortener.git/internal/middlewares/gzip.go:43.2,43.34 1 1
github.com/PaBah/url-shortener.git/internal/middlewares/gzip.go:47.40,49.2 1 1
github.com/PaBah/url-shortener.git/internal/middlewares/gzip.go:56.66,58.16 2 1
github.com/PaBah/url-shortener.git/internal/middlewares/gzip.go:58.16,60.3 1 0
github.com/PaBah/url-shortener.git/internal/middlewares/gzip.go:62.2,65.8 1 1
github.com/PaBah/url-shortener.git/internal/middlewares/gzip.go:69.59,71.2 1 0
github.com/PaBah/url-shortener.git/internal/middlewares/gzip.go:74.40,75.45 1 1
github.com/PaBah/url-shortener.git/internal/middlewares/gzip.go:75.45,77.3 1 0
github.com/PaBah/url-shortener.git/internal/middlewares/gzip.go:78.2,78.28 1 1
github.com/PaBah/url-shortener.git/internal/middlewares/gzip.go:82.50,83.71 1 1
github.com/PaBah/url-shortener.git/internal/middlewares/gzip.go:83.71,90.37 6 2
github.com/PaBah/url-shortener.git/internal/middlewares/gzip.go:90.37,94.4 3 1
github.com/PaBah/url-shortener.git/internal/middlewares/gzip.go:96.3,98.16 3 2
github.com/PaBah/url-shortener.git/internal/middlewares/gzip.go:98.16,100.18 2 1
github.com/PaBah/url-shortener.git/internal/middlewares/gzip.go:100.18,103.5 2 0
github.com/PaBah/url-shortener.git/internal/middlewares/gzip.go:104.4,105.32 2 1
github.com/PaBah/url-shortener.git/internal/middlewares/gzip.go:108.3,108.33 1 2
github.com/PaBah/url-shortener.git/internal/middlewares/ip_whitelist.go:10.79,13.2 2 0
github.com/PaBah/url-shortener.git/internal/middlewares/ip_whitelist.go:21.55,23.2 1 0
github.com/PaBah/url-shortener.git/internal/middlewares/ip_whitelist.go:26.64,27.71 1 0
github.com/PaBah/url-shortener.git/internal/middlewares/ip_whitelist.go:27.71,29.30 2 0
github.com/PaBah/url-shortener.git/internal/middlewares/ip_whitelist.go:29.30,32.4 2 0
github.com/PaBah/url-shortener.git/internal/middlewares/ip_whitelist.go:33.3,33.23 1 0
github.com/PaBah/url-shortener.git/internal/mock/handler_mock.go:9.75,10.58 1 1
github.com/PaBah/url-shortener.git/internal/mock/handler_mock.go:10.58,15.3 4 2
github.com/PaBah/url-shortener.git/internal/mock/storage_mock.go:27.65,31.2 3 0
github.com/PaBah/url-shortener.git/internal/mock/storage_mock.go:34.63,36.2 1 0
github.com/PaBah/url-shortener.git/internal/mock/storage_mock.go:39.96,44.2 4 0
github.com/PaBah/url-shortener.git/internal/mock/storage_mock.go:47.103,50.2 2 0
github.com/PaBah/url-shortener.git/internal/mock/storage_mock.go:53.89,58.2 4 0
github.com/PaBah/url-shortener.git/internal/mock/storage_mock.go:61.96,64.2 2 0
github.com/PaBah/url-shortener.git/internal/mock/storage_mock.go:67.94,73.2 5 0
github.com/PaBah/url-shortener.git/internal/mock/storage_mock.go:76.82,79.2 2 0
github.com/PaBah/url-shortener.git/internal/mock/storage_mock.go:82.88,88.2 5 0
github.com/PaBah/url-shortener.git/internal/mock/storage_mock.go:91.81,94.2 2 0
github.com/PaBah/url-shortener.git/internal/mock/storage_mock.go:97.74,104.2 6 0
github.com/PaBah/url-shortener.git/internal/mock/storage_mock.go:107.78,110.2 2 0
github.com/PaBah/url-shortener.git/internal/mock/storage_mock.go:113.87,118.2 4 0
github.com/PaBah/url-shortener.git/internal/mock/storage_mock.go:121.85,124.2 2 0
github.com/PaBah/url-shortener.git/internal/mock/storage_mock.go:127.107,132.2 4 0
github.com/PaBah/url-shortener.git/internal/mock/storage_mock.go:135.94,138.2 2 0
github.com/PaBah/url-shortener.git/internal/models/models.go:17.64,19.2 1 1
github.com/PaBah/url-shortener.git/internal/models/models.go:21.40,26.2 4 2
github.com/PaBah/url-shortener.git/internal/storage/db_storage.go:28.86,31.16 2 1
github.com/PaBah/url-shortener.git/internal/storage/db_storage.go:31.16,33.3 1 1
github.com/PaBah/url-shortener.git/internal/storage/db_storage.go:35.2,36.16 2 0
github.com/PaBah/url-shortener.git/internal/storage/db_storage.go:36.16,38.3 1 0
github.com/PaBah/url-shortener.git/internal/storage/db_storage.go:40.2,41.16 2 0
github.com/PaBah/url-shortener.git/internal/storage/db_storage.go:41.16,43.3 1 0
github.com/PaBah/url-shortener.git/internal/storage/db_storage.go:45.2,46.16 2 0
github.com/PaBah/url-shortener.git/internal/storage/db_storage.go:46.16,48.3 1 0
github.com/PaBah/url-shortener.git/internal/storage/db_storage.go:50.2,51.8 2 0
github.com/PaBah/url-shortener.git/internal/storage/db_storage.go:55.89,60.73 3 2
github.com/PaBah/url-shortener.git/internal/storage/db_storage.go:60.73,62.3 1 1
github.com/PaBah/url-shortener.git/internal/storage/db_storage.go:64.2,64.8 1 2
github.com/PaBah/url-shortener.git/internal/storage/db_storage.go:68.109,70.16 2 3
github.com/PaBah/url-shortener.git/internal/storage/db_storage.go:70.16,72.3 1 1
github.com/PaBah/url-shortener.git/internal/storage/db_storage.go:73.2,77.18 4 2
github.com/PaBah/url-shortener.git/internal/storage/db_storage.go:77.18,79.17 2 2
github.com/PaBah/url-shortener.git/internal/storage/db_storage.go:79.17,81.4 1 0
github.com/PaBah/url-shortener.git/internal/storage/db_storage.go:82.3,82.42 1 2
github.com/PaBah/url-shortener.git/internal/storage/db_storage.go:84.2,87.16 3 2
github.com/PaBah/url-shortener.git/internal/storage/db_storage.go:87.16,89.3 1 0
github.com/PaBah/url-shortener.git/internal/storage/db_storage.go:90.2,90.40 1 2
github.com/PaBah/url-shortener.git/internal/storage/db_storage.go:90.40,91.49 1 2
github.com/PaBah/url-shortener.git/internal/storage/db_storage.go:91.49,96.30 4 2
github.com/PaBah/url-shortener.git/internal/storage/db_storage.go:96.30,99.5 2 0
github.com/PaBah/url-shortener.git/internal/storage/db_storage.go:102.2,102.20 1 2
github.com/PaBah/url-shortener.git/internal/storage/db_storage.go:106.103,113.16 6 3
github.com/PaBah/url-shortener.git/internal/storage/db_storage.go:113.16,115.3 1 1
github.com/PaBah/url-shortener.git/internal/storage/db_storage.go:117.2,118.8 2 2
github.com/PaBah/url-shortener.git/internal/storage/db_storage.go:122.98,125.16 3 1
github.com/PaBah/url-shortener.git/internal/storage/db_storage.go:125.16,127.3 1 0
github.com/PaBah/url-shortener.git/internal/storage/db_storage.go:128.2,132.18 4 1
github.com/PaBah/url-shortener.git/internal/storage/db_storage.go:132.18,135.17 3 1
github.com/PaBah/url-shortener.git/internal/storage/db_storage.go:135.17,137.4 1 0
github.com/PaBah/url-shortener.git/internal/storage/db_storage.go:138.3,138.42 1 1
github.com/PaBah/url-shortener.git/internal/storage/db_storage.go:140.2,140.8 1 1
github.com/PaBah/url-shortener.git/internal/storage/db_storage.go:144.94,146.12 2 1
github.com/PaBah/url-shortener.git/internal/storage/db_storage.go:146.12,149.32 2 1
github.com/PaBah/url-shortener.git/internal/storage/db_storage.go:149.32,155.47 5 1
github.com/PaBah/url-shortener.git/internal/storage/db_storage.go:155.47,157.5 1 1
github.com/PaBah/url-shortener.git/internal/storage/db_storage.go:159.4,159.20 1 1
github.com/PaBah/url-shortener.git/internal/storage/db_storage.go:162.2,162.15 1 1
github.com/PaBah/url-shortener.git/internal/storage/db_storage.go:166.91,170.2 2 1
github.com/PaBah/url-shortener.git/internal/storage/db_storage.go:173.85,177.2 2 0
github.com/PaBah/url-shortener.git/internal/storage/db_storage.go:180.54,185.2 3 1
github.com/PaBah/url-shortener.git/internal/storage/db_storage.go:188.36,190.2 1 1
github.com/PaBah/url-shortener.git/internal/storage/db_storage.go:193.79,197.2 3 1
github.com/PaBah/url-shortener.git/internal/storage/in_file_storage.go:23.93,25.15 2 2
github.com/PaBah/url-shortener.git/internal/storage/in_file_storage.go:25.15,27.3 1 0
github.com/PaBah/url-shortener.git/internal/storage/in_file_storage.go:28.2,29.8 2 2
github.com/PaBah/url-shortener.git/internal/storage/in_file_storage.go:33.107,36.12 3 3
github.com/PaBah/url-shortener.git/internal/storage/in_file_storage.go:36.12,38.3 1 1
github.com/PaBah/url-shortener.git/internal/storage/in_file_storage.go:39.2,39.8 1 3
github.com/PaBah/url-shortener.git/internal/storage/in_file_storage.go:43.102,45.36 2 1
github.com/PaBah/url-shortener.git/internal/storage/in_file_storage.go:45.36,46.65 1 2
github.com/PaBah/url-shortener.git/internal/storage/in_file_storage.go:46.65,48.4 1 2
github.com/PaBah/url-shortener.git/internal/storage/in_file_storage.go:51.2,51.25 1 1
github.com/PaBah/url-shortener.git/internal/storage/in_file_storage.go:51.25,53.3 1 0
github.com/PaBah/url-shortener.git/internal/storage/in_file_storage.go:55.2,55.8 1 1
github.com/PaBah/url-shortener.git/internal/storage/in_file_storage.go:59.110,60.37 1 1
github.com/PaBah/url-shortener.git/internal/storage/in_file_storage.go:60.37,62.3 1 2
github.com/PaBah/url-shortener.git/internal/storage/in_file_storage.go:63.2,63.8 1 1
github.com/PaBah/url-shortener.git/internal/storage/in_file_storage.go:67.98,69.12 2 1
github.com/PaBah/url-shortener.git/internal/storage/in_file_storage.go:69.12,72.32 2 1
github.com/PaBah/url-shortener.git/internal/storage/in_file_storage.go:72.32,76.47 3 1
github.com/PaBah/url-shortener.git/internal/storage/in_file_storage.go:76.47,78.5 1 1
github.com/PaBah/url-shortener.git/internal/storage/in_file_storage.go:80.4,80.20 1 1
github.com/PaBah/url-shortener.git/internal/storage/in_file_storage.go:83.2,83.15 1 1
github.com/PaBah/url-shortener.git/internal/storage/in_file_storage.go:87.95,88.37 1 1
github.com/PaBah/url-shortener.git/internal/storage/in_file_storage.go:88.37,92.3 3 1
github.com/PaBah/url-shortener.git/internal/storage/in_file_storage.go:93.2,93.8 1 1
github.com/PaBah/url-shortener.git/internal/storage/in_file_storage.go:97.89,100.36 3 0
github.com/PaBah/url-shortener.git/internal/storage/in_file_storage.go:100.36,102.3 1 0
github.com/PaBah/url-shortener.git/internal/storage/in_file_storage.go:103.2,105.8 2 0
github.com/PaBah/url-shortener.git/internal/storage/in_file_storage.go:108.54,115.6 5 6
github.com/PaBah/url-shortener.git/internal/storage/in_file_storage.go:115.6,116.57 1 7
github.com/PaBah/url-shortener.git/internal/storage/in_file_storage.go:116.57,117.9 1 6
github.com/PaBah/url-shortener.git/internal/storage/in_file_storage.go:119.3,119.49 1 1
github.com/PaBah/url-shortener.git/internal/storage/in_file_storage.go:123.46,125.38 2 6
github.com/PaBah/url-shortener.git/internal/storage/in_file_storage.go:125.38,127.17 2 8
github.com/PaBah/url-shortener.git/internal/storage/in_file_storage.go:127.17,129.4 1 0
github.com/PaBah/url-shortener.git/internal/storage/in_file_storage.go:131.2,131.12 1 6
github.com/PaBah/url-shortener.git/internal/storage/in_file_storage.go:135.40,137.16 2 5
github.com/PaBah/url-shortener.git/internal/storage/in_file_storage.go:137.16,139.3 1 0
github.com/PaBah/url-shortener.git/internal/storage/in_file_storage.go:140.2,140.24 1 5
github.com/PaBah/url-shortener.git/internal/storage/in_file_storage.go:144.54,148.2 3 5
github.com/PaBah/url-shortener.git/internal/analyzers/os_exit_from_main.go:18.52,19.34 1 1
github.com/PaBah/url-shortener.git/internal/analyzers/os_exit_from_main.go:19.34,21.46 2 1
github.com/PaBah/url-shortener.git/internal/analyzers/os_exit_from_main.go:21.46,22.28 1 32
github.com/PaBah/url-shortener.git/internal/analyzers/os_exit_from_main.go:23.19,24.42 1 1
github.com/PaBah/url-shortener.git/internal/analyzers/os_exit_from_main.go:25.23,26.39 1 1
github.com/PaBah/url-shortener.git/internal/analyzers/os_exit_from_main.go:27.27,29.88 2 1
github.com/PaBah/url-shortener.git/internal/analyzers/os_exit_from_main.go:29.88,31.6 1 0
github.com/PaBah/url-shortener.git/internal/analyzers/os_exit_from_main.go:33.4,33.15 1 32
github.com/PaBah/url-shortener.git/internal/analyzers/os_exit_from_main.go:36.2,36.17 1 1
github.com/PaBah/url-shortener.git/internal/tls/tls.go:17.59,35.16 5 1
github.com/PaBah/url-shortener.git/internal/tls/tls.go:35.16,37.3 1 0
github.com/PaBah/url-shortener.git/internal/tls/tls.go:39.2,40.16 2 1
github.com/PaBah/url-shortener.git/internal/tls/tls.go:40.16,42.3 1 0
github.com/PaBah/url-shortener.git/internal/tls/tls.go:44.2,44.12 1 1
github.com/PaBah/url-shortener.git/internal/tls/tls.go:47.81,62.16 6 2
github.com/PaBah/url-shortener.git/internal/tls/tls.go:62.16,64.3 1 0
github.com/PaBah/url-shortener.git/internal/tls/tls.go:66.2,66.12 1 2
